        THONG BAO CAC LOI NHAP SO LIEU
      ----------------------------------

Diem: 77K8         khong co toa do

Diem: 77K4         khong co toa do
Cac diem mia 0     - 103   khong duoc tinh

Diem: 70B          khong co toa do
Cac diem mia 0     - 139   khong duoc tinh

Diem: 70B2         khong co toa do

Diem: 70B          khong co toa do
Cac diem mia 0     - 146   khong duoc tinh

Diem: 70B1         khong co toa do

Diem: 70B          khong co toa do
Cac diem mia 0     - 148   khong duoc tinh

Diem: 70B3         khong co toa do

Diem: 70B          khong co toa do
Cac diem mia 0     - 179   khong duoc tinh

Diem: 70B6         khong co toa do

Diem: 70B3         khong co toa do
Cac diem mia 0     - 200   khong duoc tinh

Diem: 70B7         khong co toa do

Diem: 70B6         khong co toa do
Cac diem mia 0     - 201   khong duoc tinh

Diem: 70B8         khong co toa do

Diem: 70B7         khong co toa do
Cac diem mia 0     - 208   khong duoc tinh

Diem: 70B5         khong co toa do

Diem: 70B4         khong co toa do
Cac diem mia 0     - 290   khong duoc tinh

Diem: 70B5         khong co toa do

Diem: 70B4         khong co toa do
Cac diem mia 0     - 406   khong duoc tinh

Diem: 70B10        khong co toa do

Diem: 70B5         khong co toa do
Cac diem mia 0     - 568   khong duoc tinh

Diem: 70B12        khong co toa do

Diem: 70B10        khong co toa do
Cac diem mia 0     - 681   khong duoc tinh
