        THONG BAO CAC LOI NHAP SO LIEU
      ----------------------------------

Diem: KV-101       khong co toa do

Diem: KV-100       khong co toa do
Cac diem mia 0     - 43    khong duoc tinh

Diem: 101A         khong co toa do

Diem: KV-101       khong co toa do
Cac diem mia 0     - 66    khong duoc tinh

Diem: 101A2        khong co toa do

Diem: 101A         khong co toa do
Cac diem mia 0     - 104   khong duoc tinh

Diem: 101A3        khong co toa do

Diem: 101A2        khong co toa do
Cac diem mia 0     - 170   khong duoc tinh

Diem: 101A4        khong co toa do

Diem: 101A3        khong co toa do
Cac diem mia 0     - 212   khong duoc tinh

Diem: 101A6        khong co toa do

Diem: 101A4        khong co toa do
Cac diem mia 0     - 227   khong duoc tinh

Diem: 101A8        khong co toa do

Diem: 101A6        khong co toa do
Cac diem mia 0     - 241   khong duoc tinh
