        THONG BAO CAC LOI NHAP SO LIEU
      ----------------------------------

Diem: 73C8         khong co toa do

Diem: 73C7         khong co toa do
Cac diem mia 0     - 1     khong duoc tinh

Diem: 73C10        khong co toa do

Diem: 73C8         khong co toa do
Cac diem mia 0     - 25    khong duoc tinh

Diem: 73C11        khong co toa do

Diem: 73C10        khong co toa do
Cac diem mia 0     - 42    khong duoc tinh

Diem: 73C9         khong co toa do

Diem: 73C7         khong co toa do
Cac diem mia 0     - 133   khong duoc tinh

Diem: 73C15        khong co toa do

Diem: 73C9         khong co toa do
Cac diem mia 0     - 177   khong duoc tinh

Diem: 73B1         khong co toa do

Diem: 73B          khong co toa do
Cac diem mia 0     - 190   khong duoc tinh

Diem: 73B2         khong co toa do

Diem: 73B1         khong co toa do
Cac diem mia 0     - 207   khong duoc tinh

Diem: 73B4         khong co toa do

Diem: 73B3         khong co toa do
Cac diem mia 0     - 220   khong duoc tinh

Diem: KV1-36       khong co toa do
Cac diem mia 0     - 222   khong duoc tinh

Diem: 37B          khong co toa do
Cac diem mia 0     - 226   khong duoc tinh

Diem: 37B1         khong co toa do

Diem: 37B          khong co toa do
Cac diem mia 0     - 240   khong duoc tinh

Diem: 37A          khong co toa do
Cac diem mia 0     - 257   khong duoc tinh
