        THONG BAO CAC LOI NHAP SO LIEU
      ----------------------------------

Diem: 37A1         khong co toa do

Diem: 37A          khong co toa do
Cac diem mia 0     - 19    khong duoc tinh

Diem: 37A2         khong co toa do

Diem: 37A1         khong co toa do
Cac diem mia 0     - 21    khong duoc tinh

Diem: 37A3         khong co toa do

Diem: 37A2         khong co toa do
Cac diem mia 0     - 41    khong duoc tinh

Diem: 37A5         khong co toa do

Diem: 37A3         khong co toa do
Cac diem mia 0     - 64    khong duoc tinh

Diem: 37A6         khong co toa do

Diem: 37A5         khong co toa do
Cac diem mia 0     - 101   khong duoc tinh

Diem: 37A7         khong co toa do

Diem: 37A6         khong co toa do
Cac diem mia 0     - 117   khong duoc tinh

Diem: 37A8         khong co toa do

Diem: 37A7         khong co toa do
Cac diem mia 0     - 131   khong duoc tinh

Diem: 73B10        khong co toa do

Diem: 73B9         khong co toa do
Cac diem mia 0     - 132   khong duoc tinh

Diem: 73B12        khong co toa do

Diem: 73B10        khong co toa do
Cac diem mia 0     - 138   khong duoc tinh

Diem: 73B          khong co toa do
Cac diem mia 0     - 149   khong duoc tinh

Diem: 70B4         khong co toa do

Diem: 70B3         khong co toa do
Cac diem mia 0     - 150   khong duoc tinh

Diem: 70B20        khong co toa do

Diem: 70B4         khong co toa do
Cac diem mia 0     - 156   khong duoc tinh

Diem: 77E12        khong co toa do

Diem: 77E10        khong co toa do
Cac diem mia 0     - 158   khong duoc tinh

Diem: 77E20        khong co toa do

Diem: 77E12        khong co toa do
Cac diem mia 0     - 194   khong duoc tinh

Diem: 77E21        khong co toa do

Diem: 77E20        khong co toa do
Cac diem mia 0     - 239   khong duoc tinh
