        THONG BAO CAC LOI NHAP SO LIEU
      ----------------------------------

Diem: KV-123       khong co toa do

Diem: KV-122       khong co toa do
Cac diem mia 0     - 36    khong duoc tinh

Diem: 123D         khong co toa do

Diem: 123C         khong co toa do
Cac diem mia 0     - 89    khong duoc tinh

Diem: 106E13       khong co toa do

Diem: 106E11       khong co toa do
Cac diem mia 0     - 93    khong duoc tinh

Diem: 106E40       khong co toa do

Diem: 106E13       khong co toa do
Cac diem mia 0     - 112   khong duoc tinh

Diem: 106E41       khong co toa do

Diem: 106E13       khong co toa do
Cac diem mia 0     - 124   khong duoc tinh

Diem: 106E42       khong co toa do

Diem: 106E41       khong co toa do
Cac diem mia 0     - 144   khong duoc tinh

Diem: 106E44       khong co toa do

Diem: 106E45       khong co toa do
Cac diem mia 0     - 156   khong duoc tinh

Diem: 106E47       khong co toa do

Diem: 106E44       khong co toa do
Cac diem mia 0     - 165   khong duoc tinh

Diem: 106E46       khong co toa do

Diem: 106E44       khong co toa do
Cac diem mia 0     - 169   khong duoc tinh
