        THONG BAO CAC LOI NHAP SO LIEU
      ----------------------------------

Diem: 106E48       khong co toa do

Diem: 106E44       khong co toa do
Cac diem mia 0     - 15    khong duoc tinh

Diem: 106E50       khong co toa do

Diem: 106E48       khong co toa do
Cac diem mia 0     - 22    khong duoc tinh

Diem: 106E53       khong co toa do

Diem: 106E51       khong co toa do
Cac diem mia 0     - 44    khong duoc tinh

Diem: 106E55       khong co toa do

Diem: 106E53       khong co toa do
Cac diem mia 0     - 56    khong duoc tinh

Diem: 106E54       khong co toa do

Diem: 106E53       khong co toa do
Cac diem mia 0     - 67    khong duoc tinh

Diem: 106E52       khong co toa do

Diem: 106E48       khong co toa do
Cac diem mia 0     - 83    khong duoc tinh

Diem: 100B         khong co toa do

Diem: KV-100       khong co toa do
Cac diem mia 0     - 84    khong duoc tinh
