        THONG BAO CAC LOI NHAP SO LIEU
      ----------------------------------

Diem: 101B10       khong co toa do

Diem: 101B9        khong co toa do
Cac diem mia 0     - 6     khong duoc tinh

Diem: 101B11       khong co toa do

Diem: 101B10       khong co toa do
Cac diem mia 0     - 19    khong duoc tinh

Diem: 101B12       khong co toa do

Diem: 101B11       khong co toa do
Cac diem mia 0     - 25    khong duoc tinh

Diem: 101B13       khong co toa do

Diem: 101B11       khong co toa do
Cac diem mia 0     - 34    khong duoc tinh

Diem: 101B14       khong co toa do

Diem: 101B13       khong co toa do
Cac diem mia 0     - 40    khong duoc tinh

Diem: 101B15       khong co toa do

Diem: 101B14       khong co toa do
Cac diem mia 0     - 54    khong duoc tinh

Diem: 101B16       khong co toa do

Diem: 101B15       khong co toa do
Cac diem mia 0     - 67    khong duoc tinh

Diem: 101B17       khong co toa do

Diem: 101B16       khong co toa do
Cac diem mia 0     - 81    khong duoc tinh

Diem: KV-108       khong co toa do

Diem: KV-109       khong co toa do
Cac diem mia 0     - 106   khong duoc tinh

Diem: KV-109       khong co toa do

Diem: KV-108       khong co toa do
Cac diem mia 0     - 125   khong duoc tinh

Diem: 109A         khong co toa do

Diem: KV-109       khong co toa do
Cac diem mia 0     - 144   khong duoc tinh

Diem: 109A2        khong co toa do

Diem: 109A         khong co toa do
Cac diem mia 0     - 154   khong duoc tinh

Diem: 109A1        khong co toa do

Diem: 109A         khong co toa do
Cac diem mia 0     - 164   khong duoc tinh

Diem: 109A5        khong co toa do

Diem: 109A1        khong co toa do
Cac diem mia 0     - 178   khong duoc tinh

Diem: 109A6        khong co toa do

Diem: 109A5        khong co toa do
Cac diem mia 0     - 189   khong duoc tinh

Diem: 109A7        khong co toa do

Diem: 109A6        khong co toa do
Cac diem mia 0     - 223   khong duoc tinh

Diem: 109A9        khong co toa do

Diem: 109A7        khong co toa do
Cac diem mia 0     - 233   khong duoc tinh

Diem: 109A10       khong co toa do

Diem: 109A9        khong co toa do
Cac diem mia 0     - 264   khong duoc tinh
