        THONG BAO CAC LOI NHAP SO LIEU
      ----------------------------------

Diem: 68A7         khong co toa do

Diem: 68A5         khong co toa do
Cac diem mia 0     - 39    khong duoc tinh

Diem: 68A15        khong co toa do

Diem: 68A7         khong co toa do
Cac diem mia 0     - 63    khong duoc tinh

Diem: 68A16        khong co toa do

Diem: 68A15        khong co toa do
Cac diem mia 0     - 75    khong duoc tinh

Diem: A1000        khong co toa do

Diem: 68A16        khong co toa do
Cac diem mia 0     - 99    khong duoc tinh

Diem: 68E          khong co toa do
Cac diem mia 0     - 154   khong duoc tinh

Diem: 68E1         khong co toa do

Diem: 68E          khong co toa do
Cac diem mia 0     - 184   khong duoc tinh

Diem: 68E3         khong co toa do

Diem: 68E1         khong co toa do
Cac diem mia 0     - 192   khong duoc tinh

Diem: 68E2         khong co toa do

Diem: 68E          khong co toa do
Cac diem mia 0     - 229   khong duoc tinh

Diem: 68E5         khong co toa do

Diem: 68E2         khong co toa do
Cac diem mia 0     - 240   khong duoc tinh

Diem: 68E6         khong co toa do

Diem: 68E5         khong co toa do
Cac diem mia 0     - 282   khong duoc tinh

Diem: 68E7         khong co toa do

Diem: 68E6         khong co toa do
Cac diem mia 0     - 321   khong duoc tinh
