        THONG BAO CAC LOI NHAP SO LIEU
      ----------------------------------

Diem: 109A4        khong co toa do

Diem: 109A2        khong co toa do
Cac diem mia 0     - 1     khong duoc tinh

Diem: 109A15       khong co toa do

Diem: 109A4        khong co toa do
Cac diem mia 0     - 17    khong duoc tinh

Diem: 109A16       khong co toa do

Diem: 109A15       khong co toa do
Cac diem mia 0     - 39    khong duoc tinh

Diem: 109A18       khong co toa do

Diem: 109A16       khong co toa do
Cac diem mia 0     - 65    khong duoc tinh

Diem: 109A19       khong co toa do

Diem: 109A17       khong co toa do
Cac diem mia 0     - 66    khong duoc tinh

Diem: 109A20       khong co toa do

Diem: 109A19       khong co toa do
Cac diem mia 0     - 75    khong duoc tinh
