        THONG BAO CAC LOI NHAP SO LIEU
      ----------------------------------

Diem: 109A17       khong co toa do

Diem: 109A15       khong co toa do
Cac diem mia 0     - 26    khong duoc tinh

Diem: 109A22       khong co toa do

Diem: 109A17       khong co toa do
Cac diem mia 0     - 33    khong duoc tinh

Diem: 109A23       khong co toa do

Diem: 109A22       khong co toa do
Cac diem mia 0     - 38    khong duoc tinh

Diem: 109A24       khong co toa do

Diem: 109A23       khong co toa do
Cac diem mia 0     - 51    khong duoc tinh

Diem: 109A27       khong co toa do

Diem: 109A24       khong co toa do
Cac diem mia 0     - 61    khong duoc tinh

Diem: 109A28       khong co toa do

Diem: 109A27       khong co toa do
Cac diem mia 0     - 72    khong duoc tinh

Diem: 109A26       khong co toa do

Diem: 109A25       khong co toa do
Cac diem mia 0     - 76    khong duoc tinh

Diem: 109A4        khong co toa do

Diem: 109A1        khong co toa do
Cac diem mia 0     - 81    khong duoc tinh

Diem: KV-99        khong co toa do

Diem: KV-108       khong co toa do
Cac diem mia 0     - 127   khong duoc tinh

Diem: 99A          khong co toa do

Diem: KV-99        khong co toa do
Cac diem mia 0     - 165   khong duoc tinh

Diem: 99A1         khong co toa do

Diem: 99A          khong co toa do
Cac diem mia 0     - 210   khong duoc tinh

Diem: 99A3         khong co toa do

Diem: 99A1         khong co toa do
Cac diem mia 0     - 211   khong duoc tinh
