        THONG BAO CAC LOI NHAP SO LIEU
      ----------------------------------

Diem: 99B          khong co toa do

Diem: KV-99        khong co toa do
Cac diem mia 0     - 5     khong duoc tinh

Diem: 109B         khong co toa do

Diem: KV-109       khong co toa do
Cac diem mia 0     - 14    khong duoc tinh

Diem: 109B1        khong co toa do

Diem: 109B         khong co toa do
Cac diem mia 0     - 30    khong duoc tinh

Diem: 109B3        khong co toa do

Diem: 109B1        khong co toa do
Cac diem mia 0     - 54    khong duoc tinh

Diem: 109B4        khong co toa do

Diem: 109B3        khong co toa do
Cac diem mia 0     - 60    khong duoc tinh

Diem: 109B2        khong co toa do

Diem: 109B1        khong co toa do
Cac diem mia 0     - 153   khong duoc tinh
