        THONG BAO CAC LOI NHAP SO LIEU
      ----------------------------------

Diem: 68E10        khong co toa do

Diem: 68E9         khong co toa do
Cac diem mia 0     - 15    khong duoc tinh

Diem: 68E12        khong co toa do

Diem: 68E10        khong co toa do
Cac diem mia 0     - 24    khong duoc tinh

Diem: 68E13        khong co toa do

Diem: 68E12        khong co toa do
Cac diem mia 0     - 34    khong duoc tinh

Diem: 66A11        khong co toa do

Diem: 66A8         khong co toa do
Cac diem mia 0     - 56    khong duoc tinh

Diem: 66A20        khong co toa do

Diem: 66A11        khong co toa do
Cac diem mia 0     - 81    khong duoc tinh

Diem: 66A10        khong co toa do

Diem: 66A9         khong co toa do
Cac diem mia 0     - 90    khong duoc tinh

Diem: 66A22        khong co toa do

Diem: 66A10        khong co toa do
Cac diem mia 0     - 116   khong duoc tinh

Diem: 66A25        khong co toa do

Diem: 66A24        khong co toa do
Cac diem mia 0     - 130   khong duoc tinh

Diem: 66A26        khong co toa do

Diem: 66A25        khong co toa do
Cac diem mia 0     - 131   khong duoc tinh

Diem: 66A27        khong co toa do

Diem: 66A26        khong co toa do
Cac diem mia 0     - 147   khong duoc tinh

Diem: 66A25        khong co toa do

Diem: 66A24        khong co toa do
Cac diem mia 0     - 168   khong duoc tinh

Diem: 66A29        khong co toa do

Diem: 66A25        khong co toa do
Cac diem mia 0     - 199   khong duoc tinh

Diem: 66A30        khong co toa do

Diem: 66A29        khong co toa do
Cac diem mia 0     - 237   khong duoc tinh
