        THONG BAO CAC LOI NHAP SO LIEU
      ----------------------------------

Diem: 66A31        khong co toa do

Diem: 66A29        khong co toa do
Cac diem mia 0     - 105   khong duoc tinh

Diem: 66A35        khong co toa do

Diem: 66A36        khong co toa do
Cac diem mia 0     - 154   khong duoc tinh

Diem: 66A37        khong co toa do

Diem: 66A35        khong co toa do
Cac diem mia 0     - 190   khong duoc tinh

Diem: 68A6         khong co toa do

Diem: 68A5         khong co toa do
Cac diem mia 0     - 202   khong duoc tinh

Diem: 68A41        khong co toa do

Diem: 68A6         khong co toa do
Cac diem mia 0     - 206   khong duoc tinh

Diem: 68A43        khong co toa do

Diem: 68A41        khong co toa do
Cac diem mia 0     - 209   khong duoc tinh

Diem: 68A44        khong co toa do

Diem: 68A43        khong co toa do
Cac diem mia 0     - 215   khong duoc tinh

Diem: 68A45        khong co toa do

Diem: 68A44        khong co toa do
Cac diem mia 0     - 226   khong duoc tinh

Diem: 68A46        khong co toa do

Diem: 68A45        khong co toa do
Cac diem mia 0     - 228   khong duoc tinh

Diem: 68A47        khong co toa do

Diem: 66A46        khong co toa do
Cac diem mia 0     - 251   khong duoc tinh

Diem: 68A42        khong co toa do

Diem: 66A6         khong co toa do
Cac diem mia 0     - 276   khong duoc tinh

Diem: 68A50        khong co toa do

Diem: 66A42        khong co toa do
Cac diem mia 0     - 284   khong duoc tinh

Diem: 68A40        khong co toa do

Diem: 66A6         khong co toa do
Cac diem mia 0     - 287   khong duoc tinh

Diem: 68A52        khong co toa do

Diem: 66A40        khong co toa do
Cac diem mia 0     - 290   khong duoc tinh

Diem: 68A54        khong co toa do

Diem: 66A52        khong co toa do
Cac diem mia 0     - 312   khong duoc tinh

Diem: 68A53        khong co toa do

Diem: 66A40        khong co toa do
Cac diem mia 0     - 339   khong duoc tinh
