        THONG BAO CAC LOI NHAP SO LIEU
      ----------------------------------

Diem: 66A51        khong co toa do

Diem: 66A40        khong co toa do
Cac diem mia 0     - 6     khong duoc tinh

Diem: 66A55        khong co toa do

Diem: 66A51        khong co toa do
Cac diem mia 0     - 18    khong duoc tinh

Diem: 66A56        khong co toa do

Diem: 66A51        khong co toa do
Cac diem mia 0     - 28    khong duoc tinh

Diem: 66A57        khong co toa do

Diem: 66A56        khong co toa do
Cac diem mia 0     - 49    khong duoc tinh

Diem: 66A58        khong co toa do
Cac diem mia 0     - 71    khong duoc tinh

Diem: 45B          khong co toa do
Cac diem mia 0     - 75    khong duoc tinh

Diem: 45A          khong co toa do
Cac diem mia 0     - 132   khong duoc tinh
