        THONG BAO CAC LOI NHAP SO LIEU
      ----------------------------------

Diem: 45B          khong co toa do
Cac diem mia 0     - 17    khong duoc tinh

Diem: 45B1         khong co toa do

Diem: 45B          khong co toa do
Cac diem mia 0     - 48    khong duoc tinh

Diem: 45B5         khong co toa do

Diem: 45B4         khong co toa do
Cac diem mia 0     - 66    khong duoc tinh

Diem: 45B7         khong co toa do

Diem: 45B5         khong co toa do
Cac diem mia 0     - 118   khong duoc tinh

Diem: 45B8         khong co toa do

Diem: 45B7         khong co toa do
Cac diem mia 0     - 142   khong duoc tinh

Diem: 45B2         khong co toa do

Diem: 45B1         khong co toa do
Cac diem mia 0     - 201   khong duoc tinh

Diem: 45B10        khong co toa do

Diem: 45B2         khong co toa do
Cac diem mia 0     - 252   khong duoc tinh

Diem: 45B3         khong co toa do

Diem: 45B1         khong co toa do
Cac diem mia 0     - 294   khong duoc tinh

Diem: 45B11        khong co toa do

Diem: 45B3         khong co toa do
Cac diem mia 0     - 316   khong duoc tinh
