        THONG BAO CAC LOI NHAP SO LIEU
      ----------------------------------

Diem: 66A3         khong co toa do

Diem: 66A          khong co toa do
Cac diem mia 0     - 77    khong duoc tinh

Diem: 66A70        khong co toa do

Diem: 66A3         khong co toa do
Cac diem mia 0     - 140   khong duoc tinh

Diem: 66A71        khong co toa do

Diem: 66A3         khong co toa do
Cac diem mia 0     - 151   khong duoc tinh

Diem: 66A73        khong co toa do

Diem: 66A70        khong co toa do
Cac diem mia 0     - 213   khong duoc tinh

Diem: 66A73        khong co toa do

Diem: 66A70        khong co toa do
Cac diem mia 0     - 346   khong duoc tinh

Diem: 66A74        khong co toa do

Diem: 66A73        khong co toa do
Cac diem mia 0     - 396   khong duoc tinh
