        THONG BAO CAC LOI NHAP SO LIEU
      ----------------------------------

Diem: K123         khong co toa do

Diem: K122         khong co toa do
Cac diem mia 0     - 11    khong duoc tinh

Diem: K123K        khong co toa do

Diem: K123         khong co toa do
Cac diem mia 0     - 29    khong duoc tinh

Diem: K123K1       khong co toa do

Diem: K123K        khong co toa do
Cac diem mia 0     - 33    khong duoc tinh

Diem: K123K3       khong co toa do

Diem: K123K1       khong co toa do
Cac diem mia 0     - 43    khong duoc tinh

Diem: K122         khong co toa do

Diem: K123         khong co toa do
Cac diem mia 0     - 44    khong duoc tinh

Diem: K122A        khong co toa do

Diem: K123AM       khong co toa do
Cac diem mia 0     - 71    khong duoc tinh
