        THONG BAO CAC LOI NHAP SO LIEU
      ----------------------------------

Diem 7865         nhap sai phan giay

Diem: 41A4         khong co toa do

Diem: 41A1         khong co toa do
Cac diem mia 0     - 7923  khong duoc tinh

Diem: 41A4         khong co toa do

Diem: 41A1         khong co toa do
Cac diem mia 0     - 7928  khong duoc tinh

Diem: 41A6         khong co toa do

Diem: 41A4         khong co toa do
Cac diem mia 0     - 7942  khong duoc tinh

Diem: 41A7         khong co toa do

Diem: 41A4         khong co toa do
Cac diem mia 0     - 7995  khong duoc tinh

Diem: 41A8         khong co toa do

Diem: 41A7         khong co toa do
Cac diem mia 0     - 8016  khong duoc tinh

Diem: 41A9         khong co toa do

Diem: 41A8         khong co toa do
Cac diem mia 0     - 8069  khong duoc tinh
