        THONG BAO CAC LOI NHAP SO LIEU
      ----------------------------------

Diem: 66A3         khong co toa do

Diem: 66A          khong co toa do
Cac diem mia 0     - 77    khong duoc tinh

Diem: 66A70        khong co toa do

Diem: 66A3         khong co toa do
Cac diem mia 0     - 140   khong duoc tinh

Diem: 66A71        khong co toa do

Diem: 66A3         khong co toa do
Cac diem mia 0     - 151   khong duoc tinh

Diem: 66A73        khong co toa do

Diem: 66A70        khong co toa do
Cac diem mia 0     - 213   khong duoc tinh

Diem: 66A73        khong co toa do

Diem: 66A70        khong co toa do
Cac diem mia 0     - 346   khong duoc tinh

Diem: 66A74        khong co toa do

Diem: 66A73        khong co toa do
Cac diem mia 0     - 397   khong duoc tinh

Diem 465          nhap sai phan giay

Diem 65C1         Tai dong  101  va  102  KHAC TOA DO: DX= -6.21  DY= -1.25 

Diem 65C1         Tai dong  101  va  102  KHAC TOA DO: DX= -6.21  DY= -1.25 

Diem 559          nhap sai phan giay

Diem 600          nhap sai phan giay
