        THONG BAO CAC LOI NHAP SO LIEU
      ----------------------------------

Diem: 70B11        khong co toa do

Diem: 70B10        khong co toa do
Cac diem mia 0     - 16    khong duoc tinh

Diem: 70B15        khong co toa do

Diem: 70B11        khong co toa do
Cac diem mia 0     - 31    khong duoc tinh

Diem: 70B16        khong co toa do

Diem: 70B15        khong co toa do
Cac diem mia 0     - 52    khong duoc tinh

Diem: KV1-74       khong co toa do
Cac diem mia 0     - 256   khong duoc tinh

Diem: 74A          khong co toa do

Diem: KV1-74       khong co toa do
Cac diem mia 0     - 280   khong duoc tinh

Diem: 74A1         khong co toa do

Diem: 74A          khong co toa do
Cac diem mia 0     - 296   khong duoc tinh

Tram 73C1        §Þnh h­íng 73C         Sai canh dinh huong DS= -0.11 

Tram 73C7        §Þnh h­íng 73C4        Sai canh dinh huong DS= -38.65 

Diem 371          nhap sai phan giay

Diem 386          nhap sai phan giay

Diem 400          nhap sai phan giay

Tram 73C6        §Þnh h­íng 73C4        Sai canh dinh huong DS=  38.65 

Diem 438          nhap sai phan giay
