        THONG BAO CAC LOI NHAP SO LIEU
      ----------------------------------

Diem: 79B11        khong co toa do

Diem: 79B10        khong co toa do
Cac diem mia 0     - 16    khong duoc tinh

Diem: 79B12        khong co toa do

Diem: 79B11        khong co toa do
Cac diem mia 0     - 28    khong duoc tinh

Diem: 79A1         khong co toa do

Diem: 79A          khong co toa do
Cac diem mia 0     - 60    khong duoc tinh

Diem: 79A10        khong co toa do

Diem: 79A1         khong co toa do
Cac diem mia 0     - 120   khong duoc tinh

Diem: 79A11        khong co toa do

Diem: 79A10        khong co toa do
Cac diem mia 0     - 125   khong duoc tinh

Diem: 79A14        khong co toa do

Diem: 79A11        khong co toa do
Cac diem mia 0     - 187   khong duoc tinh

Diem: 79A15        khong co toa do

Diem: 79A14        khong co toa do
Cac diem mia 0     - 210   khong duoc tinh

Diem: 79A16        khong co toa do

Diem: 79A15        khong co toa do
Cac diem mia 0     - 226   khong duoc tinh
