        THONG BAO CAC LOI NHAP SO LIEU
      ----------------------------------

Diem: 65A3         khong co toa do

Diem: 65A1         khong co toa do
Cac diem mia 0     - 34    khong duoc tinh

Diem: 65A3         khong co toa do
Cac diem mia 0     - 84    khong duoc tinh

Diem: 62B          khong co toa do
Cac diem mia 0     - 93    khong duoc tinh

Diem: 62A          khong co toa do
Cac diem mia 0     - 145   khong duoc tinh

Diem: 62A2         khong co toa do
Cac diem mia 0     - 177   khong duoc tinh

Diem: 61A          khong co toa do
Cac diem mia 0     - 189   khong duoc tinh

Diem: 61A1         khong co toa do

Diem: 61A          khong co toa do
Cac diem mia 0     - 215   khong duoc tinh

Diem: 61A2         khong co toa do

Diem: 61A1         khong co toa do
Cac diem mia 0     - 224   khong duoc tinh

Diem: 45C1         khong co toa do

Diem: 45C          khong co toa do
Cac diem mia 0     - 496   khong duoc tinh

Diem: 45C2         khong co toa do

Diem: 45C1         khong co toa do
Cac diem mia 0     - 540   khong duoc tinh

Diem: 45C5         khong co toa do

Diem: 45C2         khong co toa do
Cac diem mia 0     - 559   khong duoc tinh

Diem: 45C4         khong co toa do

Diem: 45C2         khong co toa do
Cac diem mia 0     - 571   khong duoc tinh

Diem: 45C7         khong co toa do

Diem: 45C4         khong co toa do
Cac diem mia 0     - 594   khong duoc tinh
