        THONG BAO CAC LOI NHAP SO LIEU
      ----------------------------------

Diem: 66A108       khong co toa do

Diem: 66A75        khong co toa do
Cac diem mia 0     - 57    khong duoc tinh

Diem: 66A120       khong co toa do

Diem: 66A108       khong co toa do
Cac diem mia 0     - 185   khong duoc tinh

Diem: 66A121       khong co toa do

Diem: 66A120       khong co toa do
Cac diem mia 0     - 256   khong duoc tinh

Diem: 45A2         khong co toa do

Diem: 45A3         khong co toa do
Cac diem mia 0     - 286   khong duoc tinh

Diem: 45A4         khong co toa do

Diem: 45A2         khong co toa do
Cac diem mia 0     - 316   khong duoc tinh

Diem: 45A5         khong co toa do

Diem: 45A4         khong co toa do
Cac diem mia 0     - 339   khong duoc tinh
