        THONG BAO CAC LOI NHAP SO LIEU
      ----------------------------------

Diem: 45B6         khong co toa do

Diem: 45B3         khong co toa do
Cac diem mia 0     - 252   khong duoc tinh

Diem: 45B21        khong co toa do

Diem: 45B22        khong co toa do
Cac diem mia 0     - 281   khong duoc tinh

Diem: 45A1         khong co toa do

Diem: 45A          khong co toa do
Cac diem mia 0     - 315   khong duoc tinh

Diem: 45A11        khong co toa do

Diem: 45A1         khong co toa do
Cac diem mia 0     - 340   khong duoc tinh

Diem: 65A5         khong co toa do

Diem: 65A3         khong co toa do
Cac diem mia 0     - 493   khong duoc tinh

Diem: 65A10        khong co toa do

Diem: 65A5         khong co toa do
Cac diem mia 0     - 558   khong duoc tinh

Diem: 65A11        khong co toa do

Diem: 65A10        khong co toa do
Cac diem mia 0     - 680   khong duoc tinh
