        THONG BAO CAC LOI NHAP SO LIEU
      ----------------------------------

Diem: 09A1         khong co toa do

Diem: 09A          khong co toa do
Cac diem mia 0     - 420   khong duoc tinh

Diem: 09A3         khong co toa do

Diem: 09A4         khong co toa do
Cac diem mia 0     - 477   khong duoc tinh

Diem: 09A4         khong co toa do

Diem: 09A3         khong co toa do
Cac diem mia 0     - 548   khong duoc tinh

Diem: 09A7         khong co toa do

Diem: 09A4         khong co toa do
Cac diem mia 0     - 551   khong duoc tinh

Diem: 09A5         khong co toa do

Diem: 09A6         khong co toa do
Cac diem mia 0     - 647   khong duoc tinh

Diem: 09A6         khong co toa do

Diem: 09A5         khong co toa do
Cac diem mia 0     - 659   khong duoc tinh
