        THONG BAO CAC LOI NHAP SO LIEU
      ----------------------------------

Diem: 66A133       khong co toa do
Cac diem mia 0     - 33    khong duoc tinh

Diem: 51B          khong co toa do
Cac diem mia 0     - 49    khong duoc tinh

Diem: 51B1         khong co toa do

Diem: 51B          khong co toa do
Cac diem mia 0     - 70    khong duoc tinh

Diem: 51B2         khong co toa do

Diem: 51B1         khong co toa do
Cac diem mia 0     - 111   khong duoc tinh

Diem: 51B3         khong co toa do

Diem: 51B2         khong co toa do
Cac diem mia 0     - 146   khong duoc tinh

Diem: 66A132       khong co toa do

Diem: 66A130       khong co toa do
Cac diem mia 0     - 150   khong duoc tinh

Diem: 66A140       khong co toa do

Diem: 66A132       khong co toa do
Cac diem mia 0     - 263   khong duoc tinh

Diem: 62A2         khong co toa do

Diem: 62A1         khong co toa do
Cac diem mia 0     - 401   khong duoc tinh
