        THONG BAO CAC LOI NHAP SO LIEU
      ----------------------------------

Diem: 93A7         khong co toa do

Diem: 93A6         khong co toa do
Cac diem mia 0     - 84    khong duoc tinh

Diem: 93A3         khong co toa do

Diem: 93A1         khong co toa do
Cac diem mia 0     - 111   khong duoc tinh

Diem: 93A11        khong co toa do

Diem: 93A3         khong co toa do
Cac diem mia 0     - 221   khong duoc tinh

Diem: 93A14        khong co toa do

Diem: 93A11        khong co toa do
Cac diem mia 0     - 241   khong duoc tinh

Diem: 93A16        khong co toa do

Diem: DKD nhap so lieu bi dinh hoac thieu diem KC
Cac diem mia 0     - 25017 khong duoc tinh

Diem: 93A15        khong co toa do

Diem: 93A14        khong co toa do
Cac diem mia 0     - 25040 khong duoc tinh
