        THONG BAO CAC LOI NHAP SO LIEU
      ----------------------------------

Diem: 61A4         khong co toa do

Diem: 61A3         khong co toa do
Cac diem mia 0     - 41    khong duoc tinh

Diem: 61A7         khong co toa do

Diem: 61A4         khong co toa do
Cac diem mia 0     - 46    khong duoc tinh

Diem: 61A9         khong co toa do

Diem: 61A7         khong co toa do
Cac diem mia 0     - 135   khong duoc tinh

Diem: 61A6         khong co toa do

Diem: 61A3         khong co toa do
Cac diem mia 0     - 138   khong duoc tinh

Diem: 61A5         khong co toa do

Diem: 61A3         khong co toa do
Cac diem mia 0     - 276   khong duoc tinh

Diem: 61A10        khong co toa do

Diem: 61A5         khong co toa do
Cac diem mia 0     - 347   khong duoc tinh

Diem: 61A11        khong co toa do

Diem: 61A5         khong co toa do
Cac diem mia 0     - 460   khong duoc tinh

Diem: 61A12        khong co toa do

Diem: 61A11        khong co toa do
Cac diem mia 0     - 566   khong duoc tinh
