        THONG BAO CAC LOI NHAP SO LIEU
      ----------------------------------

Diem: 06E2         khong co toa do

Diem: 06E          khong co toa do
Cac diem mia 0     - 16    khong duoc tinh

Diem: 06E10        khong co toa do

Diem: 06E2         khong co toa do
Cac diem mia 0     - 24    khong duoc tinh

Diem: 06E11        khong co toa do

Diem: 06E10        khong co toa do
Cac diem mia 0     - 51    khong duoc tinh

Diem: 06E12        khong co toa do

Diem: 06E11        khong co toa do
Cac diem mia 0     - 82    khong duoc tinh

Diem: 06E15        khong co toa do

Diem: 06E12        khong co toa do
Cac diem mia 0     - 138   khong duoc tinh

Diem: KV-107       khong co toa do

Diem: KV-106       khong co toa do
Cac diem mia 0     - 150   khong duoc tinh

Diem: 107A         khong co toa do

Diem: KV-107       khong co toa do
Cac diem mia 0     - 0     khong duoc tinh

Diem: 107A         khong co toa do

Diem: KV-107       khong co toa do
Cac diem mia 0     - 174   khong duoc tinh
