        THONG BAO CAC LOI NHAP SO LIEU
      ----------------------------------

Diem: 91B          khong co toa do
Cac diem mia 0     - 43    khong duoc tinh

Diem: 91A          khong co toa do
Cac diem mia 0     - 47    khong duoc tinh

Diem: 93B10        khong co toa do

Diem: 93B3         khong co toa do
Cac diem mia 0     - 66    khong duoc tinh

Diem: 93B20        khong co toa do

Diem: 93B10        khong co toa do
Cac diem mia 0     - 90    khong duoc tinh

Diem: 93B23        khong co toa do

Diem: 93B20        khong co toa do
Cac diem mia 0     - 132   khong duoc tinh

Diem: 93B25        khong co toa do

Diem: 93B23        khong co toa do
Cac diem mia 0     - 151   khong duoc tinh

Diem: 93B27        khong co toa do

Diem: 93B25        khong co toa do
Cac diem mia 0     - 202   khong duoc tinh

Diem: 93B29        khong co toa do

Diem: 93B27        khong co toa do
Cac diem mia 0     - 226   khong duoc tinh

Diem: 93B28        khong co toa do

Diem: 93B25        khong co toa do
Cac diem mia 0     - 281   khong duoc tinh

Diem: 93B30        khong co toa do

Diem: 93B29        khong co toa do
Cac diem mia 0     - 306   khong duoc tinh

Diem: 93B24        khong co toa do

Diem: 93B23        khong co toa do
Cac diem mia 0     - 313   khong duoc tinh

Diem: 93B32        khong co toa do

Diem: 93B24        khong co toa do
Cac diem mia 0     - 400   khong duoc tinh

Diem: 93B26        khong co toa do

Diem: 93B20        khong co toa do
Cac diem mia 0     - 408   khong duoc tinh

Diem: 93B20        khong co toa do
Cac diem mia 0     - 0     khong duoc tinh
