        THONG BAO CAC LOI NHAP SO LIEU
      ----------------------------------

Diem: KV1-169      khong co toa do

Diem: KVS-500      khong co toa do
Cac diem mia 0     - 32    khong duoc tinh

Diem: 169P         khong co toa do

Diem: KVS-169      khong co toa do
Cac diem mia 0     - 37    khong duoc tinh

Diem: 169P1        khong co toa do

Diem: 169P         khong co toa do
Cac diem mia 0     - 40    khong duoc tinh

Diem: 169N         khong co toa do

Diem: KV1-169      khong co toa do
Cac diem mia 0     - 93    khong duoc tinh

Diem: 169O3        khong co toa do

Diem: 169O         khong co toa do
Cac diem mia 0     - 95    khong duoc tinh

Diem: 169O4        khong co toa do

Diem: 169O3        khong co toa do
Cac diem mia 0     - 99    khong duoc tinh

Diem: 169O1        khong co toa do

Diem: 169O         khong co toa do
Cac diem mia 0     - 101   khong duoc tinh

Diem: 169O2        khong co toa do

Diem: 169O         khong co toa do
Cac diem mia 0     - 102   khong duoc tinh

Diem: 169O5        khong co toa do

Diem: 169O2        khong co toa do
Cac diem mia 0     - 110   khong duoc tinh
