        THONG BAO CAC LOI NHAP SO LIEU
      ----------------------------------

Diem: KV-100       khong co toa do

Diem: KV-101       khong co toa do
Cac diem mia 0     - 39    khong duoc tinh

Diem: 100A         khong co toa do

Diem: KV-100       khong co toa do
Cac diem mia 0     - 41    khong duoc tinh

Diem: 100B         khong co toa do

Diem: KV-100       khong co toa do
Cac diem mia 0     - 63    khong duoc tinh

Diem: 100B1        khong co toa do

Diem: 100B         khong co toa do
Cac diem mia 0     - 92    khong duoc tinh

Diem: 100B2        khong co toa do

Diem: 100B1        khong co toa do
Cac diem mia 0     - 111   khong duoc tinh

Diem: 100B3        khong co toa do

Diem: 100B2        khong co toa do
Cac diem mia 0     - 121   khong duoc tinh

Diem: 100B4        khong co toa do

Diem: 100B3        khong co toa do
Cac diem mia 0     - 151   khong duoc tinh
