        THONG BAO CAC LOI NHAP SO LIEU
      ----------------------------------

Diem: 64B          khong co toa do
Cac diem mia 0     - 231   khong duoc tinh

Diem: 64B1         khong co toa do

Diem: 64B          khong co toa do
Cac diem mia 0     - 238   khong duoc tinh

Diem: 64B2         khong co toa do

Diem: 64B          khong co toa do
Cac diem mia 0     - 260   khong duoc tinh

Diem: 64A3         khong co toa do

Diem: 64A2         khong co toa do
Cac diem mia 0     - 364   khong duoc tinh

Diem: 64A6         khong co toa do

Diem: 64A7         khong co toa do
Cac diem mia 0     - 418   khong duoc tinh

Diem: 64B3         khong co toa do

Diem: 64B2         khong co toa do
Cac diem mia 0     - 456   khong duoc tinh

Diem: 64B4         khong co toa do

Diem: 64B3         khong co toa do
Cac diem mia 0     - 461   khong duoc tinh

Diem: 64B6         khong co toa do

Diem: 64B4         khong co toa do
Cac diem mia 0     - 476   khong duoc tinh

Diem: 64B7         khong co toa do

Diem: 64B6         khong co toa do
Cac diem mia 0     - 496   khong duoc tinh

Diem: 64B8         khong co toa do

Diem: 64B7         khong co toa do
Cac diem mia 0     - 500   khong duoc tinh
