        THONG BAO CAC LOI NHAP SO LIEU
      ----------------------------------

Diem: 77H          khong co toa do
Cac diem mia 0     - 15    khong duoc tinh

Diem: 77H1         khong co toa do

Diem: 77H          khong co toa do
Cac diem mia 0     - 30    khong duoc tinh

Diem: 77H3         khong co toa do

Diem: 77H1         khong co toa do
Cac diem mia 0     - 64    khong duoc tinh

Diem: 77H2         khong co toa do

Diem: 77H          khong co toa do
Cac diem mia 0     - 79    khong duoc tinh

Diem: 77H4         khong co toa do

Diem: 77H2         khong co toa do
Cac diem mia 0     - 193   khong duoc tinh

Diem: 77H6         khong co toa do

Diem: 77H4         khong co toa do
Cac diem mia 0     - 256   khong duoc tinh

Diem: 93B1         khong co toa do
Cac diem mia 0     - 257   khong duoc tinh

Diem: 77K          khong co toa do
Cac diem mia 0     - 280   khong duoc tinh

Diem: 77K2         khong co toa do

Diem: 77K          khong co toa do
Cac diem mia 0     - 305   khong duoc tinh

Diem: 77K1         khong co toa do

Diem: 77K          khong co toa do
Cac diem mia 0     - 320   khong duoc tinh
