        THONG BAO CAC LOI NHAP SO LIEU
      ----------------------------------

Diem: KV70         khong co toa do

Diem: KV69         khong co toa do
Cac diem mia 0     - 30    khong duoc tinh

Diem: 77K3         khong co toa do

Diem: 77K1         khong co toa do
Cac diem mia 0     - 92    khong duoc tinh

Diem: 77K6         khong co toa do

Diem: 77K3         khong co toa do
Cac diem mia 0     - 202   khong duoc tinh

Diem: 77K9         khong co toa do

Diem: 77K6         khong co toa do
Cac diem mia 0     - 532   khong duoc tinh

Diem: 77K11        khong co toa do

Diem: 77K9         khong co toa do
Cac diem mia 0     - 672   khong duoc tinh

Diem: 77K13        khong co toa do

Diem: 77K11        khong co toa do
Cac diem mia 0     - 891   khong duoc tinh
