        THONG BAO CAC LOI NHAP SO LIEU
      ----------------------------------

Diem: 100A1        khong co toa do

Diem: 100A         khong co toa do
Cac diem mia 0     - 24    khong duoc tinh

Diem: 100A2        khong co toa do

Diem: 100A1        khong co toa do
Cac diem mia 0     - 35    khong duoc tinh

Diem: 100A4        khong co toa do

Diem: 100A2        khong co toa do
Cac diem mia 0     - 40    khong duoc tinh

Diem: 100A3        khong co toa do

Diem: 100A1        khong co toa do
Cac diem mia 0     - 51    khong duoc tinh

Diem: 100A5        khong co toa do

Diem: 100A3        khong co toa do
Cac diem mia 0     - 60    khong duoc tinh

Diem: 100B10       khong co toa do

Diem: 100B9        khong co toa do
Cac diem mia 0     - 79    khong duoc tinh

Diem: KV-98        khong co toa do

Diem: KV-121       khong co toa do
Cac diem mia 0     - 99    khong duoc tinh

Diem: 98A          khong co toa do

Diem: KV-98        khong co toa do
Cac diem mia 0     - 133   khong duoc tinh

Diem: 98A1         khong co toa do

Diem: 98A          khong co toa do
Cac diem mia 0     - 176   khong duoc tinh

Diem: 98A1         khong co toa do

Diem: 177 nhap so lieu bi dinh hoac thieu diem KC
Cac diem mia 178   - 197   khong duoc tinh

Diem: KV121        khong co toa do

Diem: KV98         khong co toa do
Cac diem mia 0     - 236   khong duoc tinh
