        THONG BAO CAC LOI NHAP SO LIEU
      ----------------------------------

Diem: 98A1         khong co toa do

Diem: 98A          khong co toa do
Cac diem mia 0     - 16    khong duoc tinh

Diem: 121B         khong co toa do

Diem: KV-121       khong co toa do
Cac diem mia 0     - 33    khong duoc tinh

Diem: 121B1        khong co toa do

Diem: 121B         khong co toa do
Cac diem mia 0     - 63    khong duoc tinh

Diem: 121B2        khong co toa do

Diem: 121B1        khong co toa do
Cac diem mia 0     - 93    khong duoc tinh

Diem: KV-97        khong co toa do

Diem: KV-96        khong co toa do
Cac diem mia 0     - 119   khong duoc tinh

Diem: KV-96        khong co toa do

Diem: KV-97        khong co toa do
Cac diem mia 0     - 163   khong duoc tinh

Diem: 96A          khong co toa do

Diem: KV-96        khong co toa do
Cac diem mia 0     - 222   khong duoc tinh

Diem: 96B          khong co toa do

Diem: KV-96        khong co toa do
Cac diem mia 0     - 259   khong duoc tinh

Diem: 96B1         khong co toa do

Diem: 96B          khong co toa do
Cac diem mia 0     - 277   khong duoc tinh

Diem: 96B3         khong co toa do

Diem: 96B1         khong co toa do
Cac diem mia 0     - 292   khong duoc tinh

Diem: 96B4         khong co toa do

Diem: 96B3         khong co toa do
Cac diem mia 0     - 313   khong duoc tinh

Diem: 96B5         khong co toa do

Diem: 96B4         khong co toa do
Cac diem mia 0     - 327   khong duoc tinh

Diem: 96B6         khong co toa do

Diem: 96B5         khong co toa do
Cac diem mia 0     - 330   khong duoc tinh
