        THONG BAO CAC LOI NHAP SO LIEU
      ----------------------------------

Diem: 88A12        khong co toa do

Diem: 88A13        khong co toa do
Cac diem mia 0     - 57    khong duoc tinh

Diem: 88A14        khong co toa do

Diem: 88A15        khong co toa do
Cac diem mia 0     - 87    khong duoc tinh

Diem: 88A16        khong co toa do

Diem: 88A14        khong co toa do
Cac diem mia 0     - 119   khong duoc tinh

Diem: 88A15        khong co toa do

Diem: 88A14        khong co toa do
Cac diem mia 0     - 127   khong duoc tinh

Diem: 88A17        khong co toa do

Diem: 88A18        khong co toa do
Cac diem mia 0     - 144   khong duoc tinh

Diem: 88A19        khong co toa do

Diem: 88A20        khong co toa do
Cac diem mia 0     - 147   khong duoc tinh
