        THONG BAO CAC LOI NHAP SO LIEU
      ----------------------------------

Diem: 77E13        khong co toa do

Diem: 77E12        khong co toa do
Cac diem mia 0     - 45    khong duoc tinh

Diem: 77E24        khong co toa do

Diem: 77E13        khong co toa do
Cac diem mia 0     - 91    khong duoc tinh

Diem: 77E25        khong co toa do

Diem: 77E24        khong co toa do
Cac diem mia 0     - 133   khong duoc tinh

Diem: 77E27        khong co toa do

Diem: 77E25        khong co toa do
Cac diem mia 0     - 162   khong duoc tinh

Diem: 37C10        khong co toa do

Diem: 37C9         khong co toa do
Cac diem mia 0     - 167   khong duoc tinh

Diem: 72A23        khong co toa do
Cac diem mia 0     - 221   khong duoc tinh

Diem: 70D          khong co toa do
Cac diem mia 0     - 279   khong duoc tinh

Diem: 70D4         khong co toa do

Diem: 70D          khong co toa do
Cac diem mia 0     - 287   khong duoc tinh
