                       CLOSURES LOG
                       NETWORK = ad
                       TIME = Thu Apr 15 22:37:57 2010


OBS#   TYPE   BACKSIGHT      INSTRUMENT     FORESIGHT   CLOSURE    TRANSFORM

   1 gpsaz                          D184           KV22    0.077529" -0.821866"
   2 gpsht                          D184           KV22    0.001142m  0.033225m
   3 gpsds                          D184           KV22   -0.000526m  0.000005m
   4 gpsaz                          D184           KV30    1.121689" -0.822167"
   5 gpsht                          D184           KV30   -0.003275m  0.005445m
   6 gpsds                          D184           KV30   -0.000414m  0.000002m
   7 gpsaz                          D184           KV26   -0.188855" -0.821027"
   8 gpsht                          D184           KV26    0.000205m  0.012629m
   9 gpsds                          D184           KV26   -0.000727m  0.000013m
  10 gpsaz                          KV30           KV22   -0.006382" -0.822018"
  11 gpsht                          KV30           KV22   -0.000987m  0.027778m
  12 gpsds                          KV30           KV22   -0.000214m  0.000004m
  13 gpsaz                          KV30           KV26    0.085782" -0.821179"
  14 gpsht                          KV30           KV26   -0.000061m  0.007181m
  15 gpsds                          KV30           KV26    0.000028m  0.000012m
  16 gpsaz                          KV22           KV29   -0.059813" -0.822461"
  17 gpsht                          KV22           KV29    0.000632m -0.023495m
  18 gpsds                          KV22           KV29   -0.000016m  0.000006m
  19 gpsaz                          KV29           KV30   -0.001207" -0.822478"
  20 gpsht                          KV29           KV30   -0.000247m -0.004291m
  21 gpsds                          KV29           KV30   -0.000118m  0.000002m
  22 gpsaz                          KV29           KV26    0.015688" -0.821338"
  23 gpsht                          KV29           KV26    0.001366m  0.002892m
  24 gpsds                          KV29           KV26   -0.000344m  0.000011m
  25 gpsaz                          KV28           KV29    0.061664" -0.822644"
  26 gpsht                          KV28           KV29    0.000428m -0.012421m
  27 gpsds                          KV28           KV29    0.000511m  0.000005m
  28 gpsaz                          KV26           KV27   -0.013851" -0.822723"
  29 gpsht                          KV26           KV27    0.001091m  0.016820m
  30 gpsds                          KV26           KV27   -0.000082m  0.000004m
  31 gpsaz                          KV26           KV28   -0.039628" -0.822976"
  32 gpsht                          KV26           KV28   -0.000591m  0.009523m
  33 gpsds                          KV26           KV28    0.000595m  0.000007m
  34 gpsaz                          KV27           KV28    0.089799" -0.822573"
  35 gpsht                          KV27           KV28    0.003605m -0.007301m
  36 gpsds                          KV27           KV28   -0.000428m  0.000003m
  37 gpsaz                          KV27           KV22   -0.157474" -0.822756"
  38 gpsht                          KV27           KV22    0.000985m  0.003774m
  39 gpsds                          KV27           KV22    0.000093m  0.000005m
  40 gpsaz                          KV25           KV26    0.217460" -0.822412"
  41 gpsht                          KV25           KV26   -0.000901m -0.009722m
  42 gpsds                          KV25           KV26    0.000079m  0.000002m
  43 gpsaz                          KV25           KV27   -0.055924" -0.822815"
  44 gpsht                          KV25           KV27    0.000948m  0.007102m
  45 gpsds                          KV25           KV27   -0.000203m  0.000005m
  46 gpsaz                          KV26           KV43    2.418538" -0.823638"
  47 gpsht                          KV26           KV43   -0.011133m -0.016451m
  48 gpsds                          KV26           KV43    0.004980m  0.000018m
  49 gpsaz                          KV43           KV44    0.083202" -0.822218"
  50 gpsht                          KV43           KV44   -0.000215m -0.011772m
  51 gpsds                          KV43           KV44   -0.000681m  0.000003m
  52 gpsaz                          KV44           KV45    0.050066" -0.821667"
  53 gpsht                          KV44           KV45    0.000478m  0.004133m
  54 gpsds                          KV44           KV45    0.000599m  0.000007m
  55 gpsaz                          KV45           KV46    0.240447" -0.822254"
  56 gpsht                          KV45           KV46    0.000120m -0.000538m
  57 gpsds                          KV45           KV46    0.000199m  0.000001m
  58 gpsaz                          KV46           KV26    5.244338" -0.821817"
  59 gpsht                          KV46           KV26    0.013730m  0.024620m
  60 gpsds                          KV46           KV26   -0.006639m  0.000005m
  61 gpsaz                          KV46           KV67   -0.017579" -0.822701"
  62 gpsht                          KV46           KV67    0.000335m -0.015786m
  63 gpsds                          KV46           KV67    0.000111m  0.000006m
  64 gpsaz                          KV67           KV45   -0.062306" -0.822003"
  65 gpsht                          KV67           KV45    0.000031m  0.016317m
  66 gpsds                          KV67           KV45    0.000123m  0.000004m
  67 gpsaz                          KV68           KV45   -0.327530" -0.821882"
  68 gpsht                          KV68           KV45   -0.000884m  0.016360m
  69 gpsds                          KV68           KV45   -0.000574m  0.000005m
  70 gpsaz                          KV68           KV67   -0.082163" -0.822198"
  71 gpsht                          KV68           KV67   -0.000463m  0.000040m
  72 gpsds                          KV68           KV67   -0.000368m  0.000001m
  73 gpsaz                          KV41           KV68   -0.672966" -0.821881"
  74 gpsht                          KV41           KV68    0.006601m -0.015720m
  75 gpsds                          KV41           KV68    0.002046m  0.000007m
  76 gpsaz                          KV44           KV41   -1.054762" -0.822541"
  77 gpsht                          KV44           KV41    0.000009m  0.003488m
  78 gpsds                          KV44           KV41    0.002276m  0.000002m
  79 gpsaz                          KV26           KV45    5.015783" -0.822887"
  80 gpsht                          KV26           KV45   -0.012509m -0.024088m
  81 gpsds                          KV26           KV45   -0.004930m  0.000010m
  82 gpsaz                          KV45           KV43    0.181145" -0.823072"
  83 gpsht                          KV45           KV43   -0.000837m  0.007633m
  84 gpsds                          KV45           KV43    0.001094m  0.000008m
  85 gpsaz                          KV44           KV68   -0.685485" -0.822103"
  86 gpsht                          KV44           KV68   -0.003884m -0.012230m
  87 gpsds                          KV44           KV68   -0.001156m  0.000004m
  88 gpsaz                          KV41           KV43   -3.248285" -0.822197"
  89 gpsht                          KV41           KV43    0.017714m  0.008276m
  90 gpsds                          KV41           KV43   -0.000483m  0.000002m
  91 gpsaz                          KV68           KV69   -3.971730" -0.822509"
  92 gpsht                          KV68           KV69   -0.007660m -0.003773m
  93 gpsds                          KV68           KV69    0.006042m  0.000002m
  94 gpsaz                          KV68           KV76   -0.981528" -0.822482"
  95 gpsht                          KV68           KV76    0.001087m -0.011203m
  96 gpsds                          KV68           KV76   -0.002977m  0.000003m
  97 gpsaz                          KV68           KV81   -0.472989" -0.822189"
  98 gpsht                          KV68           KV81    0.000709m -0.031209m
  99 gpsds                          KV68           KV81    0.000451m  0.000008m
 100 gpsaz                          KV76           KV77    0.567893" -0.822257"
 101 gpsht                          KV76           KV77   -0.010805m -0.006688m
 102 gpsds                          KV76           KV77   -0.001510m  0.000001m
 103 gpsaz                          KV76           KV82    0.442770" -0.822269"
 104 gpsht                          KV76           KV82   -0.000882m -0.015025m
 105 gpsds                          KV76           KV82   -0.000608m  0.000003m
 106 gpsaz                          KV76           KV83    0.058073" -0.822319"
 107 gpsht                          KV76           KV83    0.001061m -0.018567m
 108 gpsds                          KV76           KV83    0.000557m  0.000004m
 109 gpsaz                          KV77           KV82    6.188743" -0.822331"
 110 gpsht                          KV77           KV82    0.022327m -0.008340m
 111 gpsds                          KV77           KV82    0.006518m  0.000002m
 112 gpsaz                          KV81           KV83   -0.227831" -0.822611"
 113 gpsht                          KV81           KV83    0.000313m  0.001439m
 114 gpsds                          KV81           KV83    0.000022m  0.000003m
 115 gpsaz                          KV82           KV83    1.102679" -0.822369"
 116 gpsht                          KV82           KV83   -0.002333m -0.003545m
 117 gpsds                          KV82           KV83   -0.000451m  0.000001m
 118 gpsaz                          KV68           KV77    0.035154" -0.822421"
 119 gpsht                          KV68           KV77    0.000607m -0.017888m
 120 gpsds                          KV68           KV77   -0.000016m  0.000004m
 121 gpsaz                          KV77           KV81    0.092857" -0.822088"
 122 gpsht                          KV77           KV81   -0.000002m -0.013324m
 123 gpsds                          KV77           KV81   -0.000259m  0.000004m
 124 gpsaz                          KV40           KV41   -2.162611" -0.822018"
 125 gpsht                          KV40           KV41   -0.008273m  0.009940m
 126 gpsds                          KV40           KV41   -0.002482m  0.000003m
 127 gpsaz                          KV41           KV69    0.369780" -0.822070"
 128 gpsht                          KV41           KV69   -0.000191m -0.019491m
 129 gpsds                          KV41           KV69   -0.001170m  0.000005m
 130 gpsaz                          KV69           KV76    1.554366" -0.822291"
 131 gpsht                          KV69           KV76   -0.000173m -0.007433m
 132 gpsds                          KV69           KV76   -0.000402m  0.000001m
 133 gpsaz                          KV76           KV79   -0.073296" -0.822459"
 134 gpsht                          KV76           KV79    0.000856m -0.029782m
 135 gpsds                          KV76           KV79   -0.001298m  0.000007m
 136 gpsaz                          KV79           KV42   -0.080663" -0.822424"
 137 gpsht                          KV79           KV42   -0.000137m  0.051284m
 138 gpsds                          KV79           KV42    0.000057m  0.000004m
 139 gpsaz                          KV78           KV79    0.196161" -0.822188"
 140 gpsht                          KV78           KV79   -0.000805m  0.005426m
 141 gpsds                          KV78           KV79   -0.000546m  0.000002m
 142 gpsaz                          KV40           KV42   -1.794962" -0.821987"
 143 gpsht                          KV40           KV42   -0.016737m  0.004528m
 144 gpsds                          KV40           KV42   -0.009780m  0.000004m
 145 gpsaz                          KV41           KV42    1.127020" -0.822287"
 146 gpsht                          KV41           KV42   -0.000829m -0.005415m
 147 gpsds                          KV41           KV42   -0.000069m  0.000001m
 148 gpsaz                          KV42           KV78    0.135422" -0.822345"
 149 gpsht                          KV42           KV78   -0.001359m -0.056716m
 150 gpsds                          KV42           KV78   -0.000057m  0.000016m
 151 gpsaz                          KV42           KV70   -0.056310" -0.822194"
 152 gpsht                          KV42           KV70    0.000215m -0.015167m
 153 gpsds                          KV42           KV70    0.000105m  0.000004m
 154 gpsaz                          KV69           KV70   -0.105033" -0.822411"
 155 gpsht                          KV69           KV70   -0.000268m -0.001091m
 156 gpsds                          KV69           KV70    0.001241m  0.000001m
 157 gpsaz                          KV70           KV76    0.366893" -0.822199"
 158 gpsht                          KV70           KV76    0.000390m -0.006344m
 159 gpsds                          KV70           KV76   -0.000552m  0.000002m
 160 gpsaz                          KV70           KV79    0.076790" -0.822339"
 161 gpsht                          KV70           KV79   -0.000420m -0.036124m
 162 gpsds                          KV70           KV79    0.000390m  0.000009m
 163 gpsaz                          KV42           KV69    1.527797" -0.822102"
 164 gpsht                          KV42           KV69   -0.006088m -0.014079m
 165 gpsds                          KV42           KV69   -0.002332m  0.000004m
 166 gpsaz                          KV37           KV38   -0.870221" -0.822236"
 167 gpsht                          KV37           KV38   -0.000346m -0.004142m
 168 gpsds                          KV37           KV38   -0.000674m  0.000001m
 169 gpsaz                          KV38           KV40   -0.196870" -0.822375"
 170 gpsht                          KV38           KV40    0.000227m  0.009507m
 171 gpsds                          KV38           KV40    0.000433m  0.000002m
 172 gpsaz                          KV38           KV73   -0.241691" -0.822293"
 173 gpsht                          KV38           KV73   -0.001157m -0.009476m
 174 gpsds                          KV38           KV73    0.000510m  0.000002m
 175 gpsaz                          KV40           KV72    0.055420" -0.822156"
 176 gpsht                          KV40           KV72    0.000468m -0.015976m
 177 gpsds                          KV40           KV72    0.000324m  0.000004m
 178 gpsaz                          KV72           KV38   -1.312784" -0.822426"
 179 gpsht                          KV72           KV38   -0.003509m  0.006461m
 180 gpsds                          KV72           KV38   -0.001421m  0.000002m
 181 gpsaz                          KV72           KV78   -0.252948" -0.822174"
 182 gpsht                          KV72           KV78    0.004247m -0.036213m
 183 gpsds                          KV72           KV78   -0.001605m  0.000009m
 184 gpsaz                          KV73           KV72    0.179083" -0.822239"
 185 gpsht                          KV73           KV72   -0.000424m  0.003007m
 186 gpsds                          KV73           KV72    0.000336m  0.000001m
 187 gpsaz                          KV73           KV37    0.322515" -0.822429"
 188 gpsht                          KV73           KV37   -0.001319m  0.013611m
 189 gpsds                          KV73           KV37    0.000074m  0.000002m
 190 gpsaz                          KV75           KV37   -0.272493" -0.822253"
 191 gpsht                          KV75           KV37    0.001310m  0.022130m
 192 gpsds                          KV75           KV37    0.000451m  0.000003m
 193 gpsaz                          KV75           KV73    0.097631" -0.822143"
 194 gpsht                          KV75           KV73   -0.000161m  0.008517m
 195 gpsds                          KV75           KV73    0.000624m  0.000002m
 196 gpsaz                          KV78           KV75    0.134359" -0.822720"
 197 gpsht                          KV78           KV75    0.000863m  0.024681m
 198 gpsds                          KV78           KV75    0.000606m  0.000005m
 199 gpsaz                          KV73           KV78    0.030186" -0.822094"
 200 gpsht                          KV73           KV78    0.000447m -0.033204m
 201 gpsds                          KV73           KV78    0.000586m  0.000009m
 202 gpsaz                          KV67           KV81    2.234449" -0.822310"
 203 gpsht                          KV67           KV81   -0.041819m -0.031252m
 204 gpsds                          KV67           KV81    0.005399m  0.000007m
 205 gpsaz                          KV66           KV67    3.229671" -0.822643"
 206 gpsht                          KV66           KV67    0.042832m  0.001431m
 207 gpsds                          KV66           KV67   -0.008193m  0.000004m
 208 gpsaz                          KV66           KV81    0.057986" -0.822636"
 209 gpsht                          KV66           KV81   -0.000896m -0.029818m
 210 gpsds                          KV66           KV81    0.000209m  0.000008m
 211 gpsaz                          KV65           KV66   -0.234496" -0.822407"
 212 gpsht                          KV65           KV66   -0.000731m  0.001709m
 213 gpsds                          KV65           KV66   -0.000124m  0.000001m
 214 gpsaz                          KV65           KV81   -0.030783" -0.822723"
 215 gpsht                          KV65           KV81    0.000823m -0.028107m
 216 gpsds                          KV65           KV81   -0.000024m  0.000009m
 217 gpsaz                          KV64           KV65    0.618954" -0.822395"
 218 gpsht                          KV64           KV65    0.000256m  0.006482m
 219 gpsds                          KV64           KV65    0.000445m  0.000001m
 220 gpsaz                          KV64           KV81    0.055303" -0.822798"
 221 gpsht                          KV64           KV81    0.001020m -0.021622m
 222 gpsds                          KV64           KV81   -0.000681m  0.000008m
 223 gpsaz                          KV88           KV64    0.343448" -0.822490"
 224 gpsht                          KV88           KV64    0.001217m  0.018364m
 225 gpsds                          KV88           KV64    0.000511m  0.000003m
 226 gpsaz                          KV88           KV81   -0.084102" -0.822967"
 227 gpsht                          KV88           KV81   -0.000393m -0.003255m
 228 gpsds                          KV88           KV81   -0.000105m  0.000007m
 229 gpsaz                          KV90           KV88   -0.085883" -0.821785"
 230 gpsht                          KV90           KV88    0.002510m  0.007723m
 231 gpsds                          KV90           KV88    0.000671m  0.000006m
 232 gpsaz                          KV89           KV88    2.337449" -0.822417"
 233 gpsht                          KV89           KV88   -0.039331m  0.000816m
 234 gpsds                          KV89           KV88   -0.004653m  0.000001m
 235 gpsaz                          KV89           KV90    0.041654" -0.822951"
 236 gpsht                          KV89           KV90   -0.039898m -0.006908m
 237 gpsds                          KV89           KV90   -0.005327m  0.000008m
 238 gpsaz                          KV81           KV90   -0.580216" -0.822205"
 239 gpsht                          KV81           KV90    0.002595m -0.004473m
 240 gpsds                          KV81           KV90    0.000392m  0.000002m
 241 gpsaz                          KV64           KV89    0.591903" -0.822050"
 242 gpsht                          KV64           KV89    0.048793m -0.019187m
 243 gpsds                          KV64           KV89   -0.003680m  0.000005m
 244 gpsaz                          D187           KV49    0.183024" -0.822367"
 245 gpsht                          D187           KV49   -0.002371m  0.010697m
 246 gpsds                          D187           KV49    0.000726m  0.000002m
 247 gpsaz                          D187           KV62   -0.129014" -0.822424"
 248 gpsht                          D187           KV62    0.000913m  0.000604m
 249 gpsds                          D187           KV62   -0.000675m  0.000001m
 250 gpsaz                          KV52           KV61    0.441248" -0.822585"
 251 gpsht                          KV52           KV61   -0.002917m -0.034486m
 252 gpsds                          KV52           KV61   -0.000911m  0.000009m
 253 gpsaz                          KV52           KV51    0.348230" -0.822390"
 254 gpsht                          KV52           KV51    0.000359m -0.005997m
 255 gpsds                          KV52           KV51   -0.000558m  0.000001m
 256 gpsaz                          KV51           KV49    0.061415" -0.822564"
 257 gpsht                          KV51           KV49   -0.000027m -0.014397m
 258 gpsds                          KV51           KV49    0.000624m  0.000004m
 259 gpsaz                          KV62           KV49    0.744013" -0.822261"
 260 gpsht                          KV62           KV49    0.002580m  0.010091m
 261 gpsds                          KV62           KV49    0.000029m  0.000002m
 262 gpsaz                          KV62           KV65   -0.383148" -0.822506"
 263 gpsht                          KV62           KV65   -0.000034m -0.001727m
 264 gpsds                          KV62           KV65    0.000187m  0.000002m
 265 gpsaz                          KV65           KV49   -0.156596" -0.822075"
 266 gpsht                          KV65           KV49   -0.000060m  0.011815m
 267 gpsds                          KV65           KV49    0.000226m  0.000003m
 268 gpsaz                          KV64           KV61    7.258917" -0.822100"
 269 gpsht                          KV64           KV61   -0.033022m  0.004205m
 270 gpsds                          KV64           KV61   -0.015247m  0.000002m
 271 gpsaz                          D187           KV61   -2.873195" -0.822316"
 272 gpsht                          D187           KV61    0.003236m -0.003398m
 273 gpsds                          D187           KV61    0.001755m  0.000001m
 274 gpsaz                          KV49           KV52   -0.073336" -0.822003"
 275 gpsht                          KV49           KV52   -0.000386m  0.020385m
 276 gpsds                          KV49           KV52    0.000543m  0.000004m
 277 gpsaz                          KV61           KV62   -0.358838" -0.822427"
 278 gpsht                          KV61           KV62    0.000674m  0.003999m
 279 gpsds                          KV61           KV62   -0.000331m  0.000001m
 280 gpsaz                          KV65           KV52   -0.002840" -0.821759"
 281 gpsht                          KV65           KV52    0.000206m  0.032204m
 282 gpsds                          KV65           KV52   -0.000031m  0.000006m
 283 gpsaz                          D187           KV51   -0.047775" -0.822122"
 284 gpsht                          D187           KV51   -0.000386m  0.025092m
 285 gpsds                          D187           KV51   -0.001136m  0.000004m
 286 gpsaz                          D187           KV52   -0.376008" -0.822051"
 287 gpsht                          D187           KV52    0.001443m  0.031085m
 288 gpsds                          D187           KV52   -0.000830m  0.000004m
 289 gpsaz                          KV62           KV64    1.778420" -0.822431"
 290 gpsht                          KV62           KV64    0.031259m -0.008212m
 291 gpsds                          KV62           KV64   -0.019645m  0.000002m
 292 gpsaz                          KV52           KV54   -0.003616" -0.822283"
 293 gpsht                          KV52           KV54   -0.001029m -0.024695m
 294 gpsds                          KV52           KV54    0.000344m  0.000006m
 295 gpsaz                          KV52           KV55   -0.037223" -0.821910"
 296 gpsht                          KV52           KV55   -0.000065m -0.033329m
 297 gpsds                          KV52           KV55    0.000327m  0.000010m
 298 gpsaz                          KV52           KV56    0.081384" -0.822010"
 299 gpsht                          KV52           KV56    0.001950m -0.030887m
 300 gpsds                          KV52           KV56   -0.000082m  0.000009m
 301 gpsaz                          KV61           KV53    0.885427" -0.822107"
 302 gpsht                          KV61           KV53   -0.013064m  0.008396m
 303 gpsds                          KV61           KV53   -0.001242m  0.000003m
 304 gpsaz                          KV61           KV89    0.100051" -0.822270"
 305 gpsht                          KV61           KV89   -0.000388m -0.023395m
 306 gpsds                          KV61           KV89   -0.000514m  0.000005m
 307 gpsaz                          KV57           KV55   -0.491524" -0.822339"
 308 gpsht                          KV57           KV55   -0.000470m  0.004252m
 309 gpsds                          KV57           KV55    0.000266m  0.000001m
 310 gpsaz                          KV57           KV56    0.112349" -0.822438"
 311 gpsht                          KV57           KV56   -0.001340m  0.006695m
 312 gpsds                          KV57           KV56   -0.000170m  0.000002m
 313 gpsaz                          KV55           KV56    0.054596" -0.822419"
 314 gpsht                          KV55           KV56   -0.000536m  0.002440m
 315 gpsds                          KV55           KV56   -0.000008m  0.000001m
 316 gpsaz                          KV56           KV54   -0.060327" -0.822591"
 317 gpsht                          KV56           KV54   -0.000193m  0.006189m
 318 gpsds                          KV56           KV54    0.000054m  0.000003m
 319 gpsaz                          KV54           KV57   -0.022285" -0.821928"
 320 gpsht                          KV54           KV57   -0.001245m -0.012891m
 321 gpsds                          KV54           KV57    0.000046m  0.000006m
 322 gpsaz                          KV53           KV54   -0.650383" -0.822230"
 323 gpsht                          KV53           KV54   -0.000018m  0.001390m
 324 gpsds                          KV53           KV54    0.000244m  0.000001m
 325 gpsaz                          KV53           KV57    0.128846" -0.821839"
 326 gpsht                          KV53           KV57   -0.007168m -0.011498m
 327 gpsds                          KV53           KV57    0.000490m  0.000006m
 328 gpsaz                          KV52           KV53    0.822140" -0.822373"
 329 gpsht                          KV52           KV53    0.027464m -0.026088m
 330 gpsds                          KV52           KV53    0.005888m  0.000006m
 331 gpsaz                          KV53           KV89    0.069465" -0.822482"
 332 gpsht                          KV53           KV89    0.000346m -0.031793m
 333 gpsds                          KV53           KV89    0.001222m  0.000008m
 334 gpsaz                          KV58           KV89   -0.009788" -0.822958"
 335 gpsht                          KV58           KV89    0.001342m -0.011839m
 336 gpsds                          KV58           KV89   -0.000261m  0.000008m
 337 gpsaz                          KV58           KV84    0.172800" -0.822801"
 338 gpsht                          KV58           KV84    0.000141m -0.002356m
 339 gpsds                          KV58           KV84   -0.000020m  0.000005m
 340 gpsaz                          KV58           KV85   -0.721660" -0.822749"
 341 gpsht                          KV58           KV85   -0.006033m  0.000757m
 342 gpsds                          KV58           KV85   -0.000042m  0.000005m
 343 gpsaz                          KV58           KV86   -0.101866" -0.822728"
 344 gpsht                          KV58           KV86    0.000062m -0.023056m
 345 gpsds                          KV58           KV86   -0.000699m  0.000008m
 346 gpsaz                          KV58           KV87    0.092054" -0.822740"
 347 gpsht                          KV58           KV87   -0.001136m -0.017439m
 348 gpsds                          KV58           KV87    0.000837m  0.000007m
 349 gpsaz                          KV89           KV84   -0.096737" -0.822163"
 350 gpsht                          KV89           KV84    0.000325m  0.009481m
 351 gpsds                          KV89           KV84   -0.000139m  0.000002m
 352 gpsaz                          KV84           KV85   -1.237274" -0.822267"
 353 gpsht                          KV84           KV85    0.000856m  0.003110m
 354 gpsds                          KV84           KV85    0.000341m  0.000001m
 355 gpsaz                          KV87           KV86    1.514434" -0.822307"
 356 gpsht                          KV87           KV86   -0.001232m -0.005620m
 357 gpsds                          KV87           KV86   -0.000345m  0.000001m
 358 gpsaz                          KV86           V122    0.185943" -0.822704"
 359 gpsht                          KV86           V122    0.000536m -0.019882m
 360 gpsds                          KV86           V122   -0.000812m  0.000007m
 361 gpsaz                          KV86           V123   -0.107070" -0.822748"
 362 gpsht                          KV86           V123   -0.001601m -0.014723m
 363 gpsds                          KV86           V123    0.000699m  0.000006m
 364 gpsaz                          V122           V123    1.253506" -0.822364"
 365 gpsht                          V122           V123    0.000474m  0.005156m
 366 gpsds                          V122           V123    0.000572m  0.000001m
 367 gpsaz                          KV87           KV89   -0.537130" -0.822538"
 368 gpsht                          KV87           KV89    0.000096m  0.005598m
 369 gpsds                          KV87           KV89   -0.000290m  0.000002m
 370 gpsaz                          KV87           V123    0.686744" -0.822736"
 371 gpsht                          KV87           V123    0.012794m -0.020340m
 372 gpsds                          KV87           V123   -0.010667m  0.000007m
 373 gpsaz                          KV89           V123   -0.308964" -0.822518"
 374 gpsht                          KV89           V123    0.006826m -0.025940m
 375 gpsds                          KV89           V123    0.000403m  0.000007m
 376 gpsaz                          KV89           KV91    0.022210" -0.822879"
 377 gpsht                          KV89           KV91    0.000744m -0.011070m
 378 gpsds                          KV89           KV91    0.000259m  0.000007m
 379 gpsaz                          D188           V123   -0.218219" -0.822190"
 380 gpsht                          D188           V123   -0.000159m  0.015473m
 381 gpsds                          D188           V123    0.000822m  0.000003m
 382 gpsaz                          KV96           D188    1.654349" -0.822057"
 383 gpsht                          KV96           D188   -0.002377m -0.012910m
 384 gpsds                          KV96           D188    0.001583m  0.000004m
 385 gpsaz                          KV97           D188   -1.899025" -0.822095"
 386 gpsht                          KV97           D188   -0.000104m -0.006573m
 387 gpsds                          KV97           D188   -0.008057m  0.000003m
 388 gpsaz                          KV96           KV97   -0.128832" -0.822282"
 389 gpsht                          KV96           KV97   -0.005505m -0.006340m
 390 gpsds                          KV96           KV97    0.012418m  0.000001m
 391 gpsaz                          KV93           KV96    0.147551" -0.822263"
 392 gpsht                          KV93           KV96    0.000298m -0.009644m
 393 gpsds                          KV93           KV96    0.001156m  0.000002m
 394 gpsaz                          KV96           KV91    0.191428" -0.822291"
 395 gpsht                          KV96           KV91   -0.000517m  0.017435m
 396 gpsds                          KV96           KV91    0.000566m  0.000003m
 397 gpsaz                          KV92           KV91    0.359878" -0.822194"
 398 gpsht                          KV92           KV91    0.000516m  0.000039m
 399 gpsds                          KV92           KV91   -0.000096m  0.000001m
 400 gpsaz                          KV92           KV93    0.259203" -0.822278"
 401 gpsht                          KV92           KV93   -0.000377m -0.007756m
 402 gpsds                          KV92           KV93    0.000836m  0.000002m
 403 gpsaz                          KV96           V123    0.480787" -0.821929"
 404 gpsht                          KV96           V123    0.000710m  0.002565m
 405 gpsds                          KV96           V123   -0.000653m  0.000004m
 406 gpsaz                          KV96           KV89   -0.141468" -0.821731"
 407 gpsht                          KV96           KV89    0.000316m  0.028503m
 408 gpsds                          KV96           KV89    0.001371m  0.000006m
 409 gpsaz                          KV91           KV93    0.038130" -0.822403"
 410 gpsht                          KV91           KV93    0.000744m -0.007798m
 411 gpsds                          KV91           KV93   -0.000216m  0.000002m
 412 gpsaz                          KV89           KV92    0.009002" -0.823004"
 413 gpsht                          KV89           KV92    0.000360m -0.011111m
 414 gpsds                          KV89           KV92   -0.000021m  0.000009m
 415 gpsaz                          KV97           KV99   -0.927410" -0.822429"
 416 gpsht                          KV97           KV99   -0.000261m -0.002175m
 417 gpsds                          KV97           KV99   -0.000026m  0.000001m
 418 gpsaz                          KV98           KV99   -0.467365" -0.822616"
 419 gpsht                          KV98           KV99   -0.001785m  0.009994m
 420 gpsds                          KV98           KV99    0.000273m  0.000003m
 421 gpsaz                          V122           KV98    5.643655" -0.822530"
 422 gpsht                          V122           KV98    0.003515m -0.015918m
 423 gpsds                          V122           KV98    0.007744m  0.000004m
 424 gpsaz                          V121           KV98    0.505318" -0.822323"
 425 gpsht                          V121           KV98   -0.000786m -0.005483m
 426 gpsds                          V121           KV98    0.000428m  0.000001m
 427 gpsaz                          V108           KV99   -4.632867" -0.822259"
 428 gpsht                          V108           KV99   -0.001631m  0.009361m
 429 gpsds                          V108           KV99    0.022177m  0.000002m
 430 gpsaz                          KV99           V109  -11.227736" -0.822479"
 431 gpsht                          KV99           V109    0.016735m -0.008520m
 432 gpsds                          KV99           V109    0.001789m  0.000003m
 433 gpsaz                          KV93           KV99   -0.295740" -0.822336"
 434 gpsht                          KV93           KV99    0.014742m -0.018155m
 435 gpsds                          KV93           KV99   -0.009497m  0.000004m
 436 gpsaz                          KV97           V121    0.084993" -0.822128"
 437 gpsht                          KV97           V121    0.000168m -0.006692m
 438 gpsds                          KV97           V121    0.000276m  0.000003m
 439 gpsaz                          KV99           V121   -0.121323" -0.822019"
 440 gpsht                          KV99           V121   -0.001018m -0.004519m
 441 gpsds                          KV99           V121   -0.000397m  0.000004m
 442 gpsaz                          KV98           V101   -1.635427" -0.822198"
 443 gpsht                          KV98           V101    0.004916m -0.010321m
 444 gpsds                          KV98           V101    0.001671m  0.000003m
 445 gpsaz                          V107           V101    0.056110" -0.822691"
 446 gpsht                          V107           V101    0.000106m  0.033482m
 447 gpsds                          V107           V101   -0.000136m  0.000005m
 448 gpsaz                          V107           V100   -0.024506" -0.822601"
 449 gpsht                          V107           V100    0.000052m  0.025068m
 450 gpsds                          V107           V100   -0.000126m  0.000004m
 451 gpsaz                          V107           V106    0.161669" -0.822439"
 452 gpsht                          V107           V106    0.000598m -0.014076m
 453 gpsds                          V107           V106    0.000277m  0.000003m
 454 gpsaz                          V100           V101    0.000770" -0.822409"
 455 gpsht                          V100           V101   -0.000086m  0.008412m
 456 gpsds                          V100           V101   -0.000141m  0.000002m
 457 gpsaz                          V101           V106   -0.116663" -0.822066"
 458 gpsht                          V101           V106    0.000280m -0.047560m
 459 gpsds                          V101           V106   -0.000507m  0.000014m
 460 gpsaz                          V100           V106    0.017838" -0.822156"
 461 gpsht                          V100           V106    0.000139m -0.039146m
 462 gpsds                          V100           V106    0.000017m  0.000010m
 463 gpsaz                          V106           V102    0.141952" -0.822149"
 464 gpsht                          V106           V102   -0.000039m -0.009211m
 465 gpsds                          V106           V102   -0.000496m  0.000003m
 466 gpsaz                          V106           V105    0.056176" -0.821884"
 467 gpsht                          V106           V105    0.001174m -0.031660m
 468 gpsds                          V106           V105    0.000380m  0.000010m
 469 gpsaz                          V105           V102    0.086356" -0.822585"
 470 gpsht                          V105           V102    0.002610m  0.022448m
 471 gpsds                          V105           V102   -0.000915m  0.000004m
 472 gpsaz                          V105           V107   -0.006838" -0.822636"
 473 gpsht                          V105           V107   -0.002245m  0.045729m
 474 gpsds                          V105           V107    0.000558m  0.000004m
 475 gpsaz                          V104           V105   -0.085802" -0.822227"
 476 gpsht                          V104           V105   -0.000559m -0.012030m
 477 gpsds                          V104           V105   -0.000265m  0.000003m
 478 gpsaz                          V104           V107   -0.030447" -0.822544"
 479 gpsht                          V104           V107    0.001498m  0.033701m
 480 gpsds                          V104           V107   -0.000133m  0.000004m
 481 gpsaz                          V102           V104   -0.025850" -0.822146"
 482 gpsht                          V102           V104    0.000940m -0.010424m
 483 gpsds                          V102           V104   -0.000131m  0.000003m
 484 gpsaz                          V102           V107    0.051629" -0.822370"
 485 gpsht                          V102           V107    0.000607m  0.023279m
 486 gpsds                          V102           V107   -0.000447m  0.000003m
 487 gpsaz                          KV98           V108   -0.089926" -0.822675"
 488 gpsht                          KV98           V108   -0.000773m  0.000631m
 489 gpsds                          KV98           V108    0.000163m  0.000004m
 490 gpsaz                          KV98           V103    0.061660" -0.822017"
 491 gpsht                          KV98           V103    0.000525m -0.060163m
 492 gpsds                          KV98           V103   -0.000803m  0.000019m
 493 gpsaz                          V108           V103    0.064389" -0.821660"
 494 gpsht                          V108           V103    0.000108m -0.060796m
 495 gpsds                          V108           V103    0.000016m  0.000022m
 496 gpsaz                          V101           V103   -0.458870" -0.822138"
 497 gpsht                          V101           V103   -0.002737m -0.049844m
 498 gpsds                          V101           V103    0.005144m  0.000014m
 499 gpsaz                          V103           V106    3.613396" -0.822248"
 500 gpsht                          V103           V106   -0.003697m  0.002282m
 501 gpsds                          V103           V106   -0.002608m  0.000001m
 502 gpsaz                          V103           V105    0.497126" -0.821813"
 503 gpsht                          V103           V105   -0.031655m -0.029375m
 504 gpsds                          V103           V105    0.003309m  0.000010m
 505 gpsaz                          V105           V106   -0.180196" -0.822755"
 506 gpsht                          V105           V106    0.027742m  0.031656m
 507 gpsds                          V105           V106    0.002287m  0.000005m
 508 gpsaz                          V109           V108   -0.171316" -0.822219"
 509 gpsht                          V109           V108    0.000888m -0.000848m
 510 gpsds                          V109           V108   -0.000306m  0.000001m
 511 gpsaz                          V109           V103    0.032909" -0.821559"
 512 gpsht                          V109           V103   -0.002745m -0.061641m
 513 gpsds                          V109           V103    0.000989m  0.000023m
 514 gpsaz                          KV01           KV02   -0.109664" -0.822416"
 515 gpsht                          KV01           KV02    0.000127m -0.002729m
 516 gpsds                          KV01           KV02   -0.000463m  0.000001m
 517 gpsaz                          KV02           KV04   -0.106017" -0.822374"
 518 gpsht                          KV02           KV04    0.000433m -0.035287m
 519 gpsds                          KV02           KV04   -0.001582m  0.000009m
 520 gpsaz                          KV02           KV05   -0.024866" -0.822406"
 521 gpsht                          KV02           KV05    0.000839m -0.048683m
 522 gpsds                          KV02           KV05    0.001115m  0.000013m
 523 gpsaz                          KV05           KV06    0.335053" -0.822133"
 524 gpsht                          KV05           KV06    0.001613m -0.004974m
 525 gpsds                          KV05           KV06    0.000230m  0.000002m
 526 gpsaz                          KV06           KV04   -0.370899" -0.822474"
 527 gpsht                          KV06           KV04    0.000432m  0.018365m
 528 gpsds                          KV06           KV04   -0.000711m  0.000003m
 529 gpsaz                          KV04           KV05    0.061530" -0.822351"
 530 gpsht                          KV04           KV05    0.000736m -0.013400m
 531 gpsds                          KV04           KV05   -0.000561m  0.000003m
 532 gpsaz                          KV01           KV09    0.031306" -0.822096"
 533 gpsht                          KV01           KV09    0.000015m  0.022776m
 534 gpsds                          KV01           KV09   -0.001325m  0.000004m
 535 gpsaz                          KV02           KV03    0.009264" -0.822342"
 536 gpsht                          KV02           KV03   -0.000945m -0.023536m
 537 gpsds                          KV02           KV03   -0.000387m  0.000005m
 538 gpsaz                          KV03           KV06   -0.232991" -0.822196"
 539 gpsht                          KV03           KV06   -0.000938m -0.030123m
 540 gpsds                          KV03           KV06   -0.000615m  0.000007m
 541 gpsaz                          KV03           KV09   -1.108724" -0.821976"
 542 gpsht                          KV03           KV09   -0.003784m  0.049034m
 543 gpsds                          KV03           KV09    0.003725m  0.000004m
 544 gpsaz                          KV06           KV09   -0.176727" -0.822099"
 545 gpsht                          KV06           KV09    0.008140m  0.079154m
 546 gpsds                          KV06           KV09    0.009762m  0.000002m
 547 gpsaz                          KV01           KV03    0.046986" -0.822439"
 548 gpsht                          KV01           KV03   -0.000142m -0.026261m
 549 gpsds                          KV01           KV03   -0.001068m  0.000006m
 550 gpsaz                          KV03           KV04    0.092027" -0.822351"
 551 gpsht                          KV03           KV04   -0.000104m -0.011755m
 552 gpsds                          KV03           KV04   -0.000091m  0.000002m
 553 gpsaz                          KV02           KV09    0.076434" -0.821999"
 554 gpsht                          KV02           KV09   -0.000154m  0.025502m
 555 gpsds                          KV02           KV09   -0.000616m  0.000004m
 556 gpsaz                          KV08           KV07    0.222375" -0.822287"
 557 gpsht                          KV08           KV07   -0.000095m -0.010738m
 558 gpsds                          KV08           KV07    0.000174m  0.000002m
 559 gpsaz                          KV13           KV08    1.178122" -0.822504"
 560 gpsht                          KV13           KV08   -0.018790m  0.016385m
 561 gpsds                          KV13           KV08    0.013891m  0.000003m
 562 gpsaz                          KV14           KV08   -0.233633" -0.822784"
 563 gpsht                          KV14           KV08    0.001158m  0.017110m
 564 gpsds                          KV14           KV08    0.000122m  0.000005m
 565 gpsaz                          KV06           KV08   -0.458335" -0.822288"
 566 gpsht                          KV06           KV08   -0.001022m -0.007204m
 567 gpsds                          KV06           KV08   -0.000044m  0.000001m
 568 gpsaz                          KV06           KV14   -0.220891" -0.821823"
 569 gpsht                          KV06           KV14    0.001053m -0.024315m
 570 gpsds                          KV06           KV14    0.000000m  0.000009m
 571 gpsaz                          KV07           KV13    5.986690" -0.822167"
 572 gpsht                          KV07           KV13    0.018594m -0.005655m
 573 gpsds                          KV07           KV13    0.011327m  0.000002m
 574 gpsaz                          KV06           KV07   -0.130144" -0.822256"
 575 gpsht                          KV06           KV07    0.000144m -0.017939m
 576 gpsds                          KV06           KV07    0.000205m  0.000004m
 577 gpsaz                          KV13           KV14    1.108251" -0.822039"
 578 gpsht                          KV13           KV14    0.007045m -0.000726m
 579 gpsds                          KV13           KV14    0.000686m  0.000003m
 580 gpsaz                          KV13           KV17   -0.119573" -0.821965"
 581 gpsht                          KV13           KV17   -0.000608m -0.011947m
 582 gpsds                          KV13           KV17   -0.000641m  0.000005m
 583 gpsaz                          KV13           KV34   -0.020317" -0.821999"
 584 gpsht                          KV13           KV34    0.007178m -0.052232m
 585 gpsds                          KV13           KV34    0.004050m  0.000016m
 586 gpsaz                          KV14           KV18    0.022380" -0.822183"
 587 gpsht                          KV14           KV18    0.003578m -0.014339m
 588 gpsds                          KV14           KV18    0.000192m  0.000003m
 589 gpsaz                          KV14           KV31    0.076966" -0.822036"
 590 gpsht                          KV14           KV31   -0.000343m -0.025174m
 591 gpsds                          KV14           KV31   -0.000950m  0.000007m
 592 gpsaz                          KV17           KV18    2.170913" -0.822257"
 593 gpsht                          KV17           KV18    0.000603m -0.003118m
 594 gpsds                          KV17           KV18    0.000984m  0.000001m
 595 gpsaz                          KV17           KV34    0.092036" -0.822355"
 596 gpsht                          KV17           KV34   -0.001545m -0.040288m
 597 gpsds                          KV17           KV34   -0.001051m  0.000010m
 598 gpsaz                          KV18           KV31   -0.018475" -0.822172"
 599 gpsht                          KV18           KV31    0.000582m -0.010838m
 600 gpsds                          KV18           KV31    0.001328m  0.000003m
 601 gpsaz                          KV18           KV34    0.124510" -0.822417"
 602 gpsht                          KV18           KV34    0.000221m -0.037173m
 603 gpsds                          KV18           KV34    0.000934m  0.000009m
 604 gpsaz                          KV31           KV33   -1.196481" -0.822504"
 605 gpsht                          KV31           KV33    0.007004m -0.023243m
 606 gpsds                          KV31           KV33    0.001217m  0.000006m
 607 gpsaz                          KV33           KV18    0.068139" -0.822282"
 608 gpsht                          KV33           KV18   -0.000944m  0.034073m
 609 gpsds                          KV33           KV18   -0.000032m  0.000004m
 610 gpsaz                          KV34           KV33   -0.111253" -0.822259"
 611 gpsht                          KV34           KV33   -0.000848m  0.003092m
 612 gpsds                          KV34           KV33   -0.000875m  0.000001m
 613 gpsaz                          KV14           KV17    0.311440" -0.822245"
 614 gpsht                          KV14           KV17   -0.000189m -0.011223m
 615 gpsds                          KV14           KV17    0.001037m  0.000002m
 616 gpsaz                          KV21           KV22   37.723267" -0.822369"
 617 gpsht                          KV21           KV22   -0.030657m  0.005847m
 618 gpsds                          KV21           KV22    0.004478m  0.000001m
 619 gpsaz                          KV22           KV23   -0.280971" -0.822668"
 620 gpsht                          KV22           KV23    0.000170m -0.014132m
 621 gpsds                          KV22           KV23    0.000146m  0.000005m
 622 gpsaz                          KV23           KV14   -0.081041" -0.823066"
 623 gpsht                          KV23           KV14    0.000634m  0.014199m
 624 gpsds                          KV23           KV14   -0.000720m  0.000007m
 625 gpsaz                          KV23           KV24   -0.081814" -0.822440"
 626 gpsht                          KV23           KV24   -0.000439m -0.001926m
 627 gpsds                          KV23           KV24    0.000214m  0.000001m
 628 gpsaz                          KV24           KV14   -0.022389" -0.822946"
 629 gpsht                          KV24           KV14   -0.000533m  0.016122m
 630 gpsds                          KV24           KV14    0.000743m  0.000006m
 631 gpsaz                          KV14           KV22   -0.030115" -0.821225"
 632 gpsht                          KV14           KV22   -0.000233m -0.000072m
 633 gpsds                          KV14           KV22    0.001012m  0.000012m
 634 gpsaz                          KV23           KV32   -2.606913" -0.822685"
 635 gpsht                          KV23           KV32   -0.230628m -0.016297m
 636 gpsds                          KV23           KV32   -0.000908m  0.000006m
 637 gpsaz                          KV24           KV32   -3.306907" -0.822564"
 638 gpsht                          KV24           KV32   -0.231153m -0.014374m
 639 gpsds                          KV24           KV32   -0.000377m  0.000004m
 640 gpsaz                          KV24           KV31   -2.068265" -0.822664"
 641 gpsht                          KV24           KV31    0.007352m -0.009050m
 642 gpsds                          KV24           KV31   -0.005170m  0.000005m
 643 gpsaz                          D184           KV32    0.768226" -0.822580"
 644 gpsht                          D184           KV32   -0.000979m  0.002801m
 645 gpsds                          D184           KV32   -0.001673m  0.000003m
 646 gpsaz                          D184           KV43  -18.763196" -0.822347"
 647 gpsht                          D184           KV43   -0.005782m -0.003827m
 648 gpsds                          D184           KV43   -0.007245m  0.000001m
 649 gpsaz                          D184           KV33    0.623210" -0.822865"
 650 gpsht                          D184           KV33   -0.016195m -0.015114m
 651 gpsds                          D184           KV33   -0.009745m  0.000008m
 652 gpsaz                          KV32           KV33   -0.630774" -0.822604"
 653 gpsht                          KV32           KV33   -0.012588m -0.017918m
 654 gpsds                          KV32           KV33   -0.008484m  0.000005m
 655 gpsaz                          KV33           KV43    0.836513" -0.821801"
 656 gpsht                          KV33           KV43    0.006137m  0.011286m
 657 gpsds                          KV33           KV43    0.001184m  0.000005m
 658 gpsaz                          KV33           KV39    0.182535" -0.822267"
 659 gpsht                          KV33           KV39    0.000163m -0.005008m
 660 gpsds                          KV33           KV39    0.000258m  0.000001m
 661 gpsaz                          KV33           KV37  -15.326795" -0.822250"
 662 gpsht                          KV33           KV37   -0.208481m -0.012304m
 663 gpsds                          KV33           KV37   -0.031572m  0.000003m
 664 gpsaz                          KV39           KV43    0.760413" -0.821853"
 665 gpsht                          KV39           KV43    0.005351m  0.016292m
 666 gpsds                          KV39           KV43    0.000703m  0.000005m
 667 gpsaz                          KV39           KV37  -19.317107" -0.822303"
 668 gpsht                          KV39           KV37   -0.209785m -0.007298m
 669 gpsds                          KV39           KV37   -0.036042m  0.000001m
 670 gpsaz                          KV39           KV40   17.735140" -0.822276"
 671 gpsht                          KV39           KV40    0.002490m -0.001929m
 672 gpsds                          KV39           KV40   -0.025902m  0.000001m
 673 gpsaz                          KV40           KV43    6.560350" -0.821896"
 674 gpsht                          KV40           KV43    0.002722m  0.018218m
 675 gpsds                          KV40           KV43    0.016287m  0.000005m
 676 gpsaz                          KV21           KV28   12.004364" -0.822185"
 677 gpsht                          KV21           KV28   -0.012709m -0.005228m
 678 gpsds                          KV21           KV28   -0.007863m  0.000002m
 679 gpsaz                          KV21           KV29   -0.021893" -0.822510"
 680 gpsht                          KV21           KV29    0.000059m -0.017646m
 681 gpsds                          KV21           KV29   -0.000138m  0.000005m
 682 gpsaz                          KV22           KV09    0.825211" -0.823695"
 683 gpsht                          KV22           KV09    0.012900m  0.103542m
 684 gpsds                          KV22           KV09   -0.015095m -0.000003m
 685 gpsaz                          KV09           KV14    0.185085" -0.822041"
 686 gpsht                          KV09           KV14   -0.001645m -0.103471m
 687 gpsds                          KV09           KV14    0.001122m  0.000040m
 688 gpsaz                          D188           V121   -2.011131" -0.822353"
 689 gpsht                          D188           V121    0.000057m -0.000122m
 690 gpsds                          D188           V121    0.000234m  0.000000m
 691 gpsaz                          KV79           KV83    4.473727" -0.822179"
 692 gpsht                          KV79           KV83   -0.001664m  0.011213m
 693 gpsds                          KV79           KV83    0.028833m  0.000002m
 694 gpsaz                          KV83           KV90    5.937976" -0.821913"
 695 gpsht                          KV83           KV90   -0.014314m -0.005915m
 696 gpsds                          KV83           KV90   -0.014499m  0.000005m
 697 gpsaz                          KV90           KV92   -4.199184" -0.822372"
 698 gpsht                          KV90           KV92   -0.030264m -0.004205m
 699 gpsds                          KV90           KV92    0.012665m  0.000001m
 700 gpsaz                          KV92           KV99   -0.521077" -0.822294"
 701 gpsht                          KV92           KV99    0.008283m -0.025909m
 702 gpsds                          KV92           KV99   -0.004352m  0.000006m
 703 gpsaz                          KV79           KV99    0.477676" -0.821801"
 704 gpsht                          KV79           KV99   -0.041515m -0.024808m
 705 gpsds                          KV79           KV99    0.001276m  0.000009m
 706 gpsaz                          KV92           KV79    1.940106" -0.822812"
 707 gpsht                          KV92           KV79    0.047872m -0.001102m
 708 gpsds                          KV92           KV79   -0.002208m  0.000006m
 709 gpsaz                          KV25           KV52   -4.940059" -0.822323"
 710 gpsht                          KV25           KV52   -0.037301m -0.021067m
 711 gpsds                          KV25           KV52   -0.014686m  0.000005m
 712 gpsaz                          KV46           KV66    4.004912" -0.822377"
 713 gpsht                          KV46           KV66   -0.040641m -0.017220m
 714 gpsds                          KV46           KV66   -0.023684m  0.000004m
 715 gpsaz                          KV52           KV46   -0.630657" -0.822909"
 716 gpsht                          KV52           KV46    0.027741m -0.013279m
 717 gpsds                          KV52           KV46    0.009985m  0.000008m
 718 gpsaz                          KV57           KV58  -14.464970" -0.822323"
 719 gpsht                          KV57           KV58   -0.011838m -0.008459m
 720 gpsds                          KV57           KV58   -0.006677m  0.000002m
 721 gpsaz                          KV53           KV85  -89.823959" -0.822273"
 722 gpsht                          KV53           KV85   -0.058174m -0.019197m
 723 gpsds                          KV53           KV85    0.025158m  0.000004m
 724 gpsaz                          KV52           KV66    4.746094" -0.822967"
 725 gpsht                          KV52           KV66   -0.003520m -0.030496m
 726 gpsds                          KV52           KV66   -0.002452m  0.000012m
 727 gpsaz                          KV83           KV92   11.457935" -0.821966"
 728 gpsht                          KV83           KV92   -0.038403m -0.010117m
 729 gpsds                          KV83           KV92   -0.013342m  0.000005m
 730 gpsaz                          KV81           KV82    0.301376" -0.822562"
 731 gpsht                          KV81           KV82   -0.000519m  0.004982m
 732 gpsds                          KV81           KV82   -0.000713m  0.000003m
