              COORDINATE ADJUSTMENT SUMMARY
              NETWORK = ad
              TIME = Thu Apr 15 22:37:58 2010


Datum = vn2000
Coordinate System = User-Defined Transverse Mercator
Zone = ad                

Network Adjustment Constraints:
  3 fixed coordinates in y
  3 fixed coordinates in x
  3 fixed coordinates in H


POINT   NAME      OLD COORDS       ADJUST      NEW COORDS         1.00å

   1 D184
           Y=    1823654.6440     +0.0000        1823654.6440        FIXED
           X=     552367.6040     +0.0000         552367.6040        FIXED
      ELL HT=        389.4680     +0.0000            389.4680        FIXED
    ORTHO HT=          0.0000     +0.0000              0.0000    NOT KNOWN

   2 D187
           Y=    1822931.8970     +0.0000        1822931.8970        FIXED
           X=     554068.6650     +0.0000         554068.6650        FIXED
      ELL HT=        358.5970     +0.0000            358.5970        FIXED
    ORTHO HT=          0.0000     +0.0000              0.0000    NOT KNOWN

   3 D188
           Y=    1821248.7370     +0.0000        1821248.7370        FIXED
           X=     553662.6110     +0.0000         553662.6110        FIXED
      ELL HT=        360.2560     +0.0000            360.2560        FIXED
    ORTHO HT=          0.0000     +0.0000              0.0000    NOT KNOWN

   4 KV01
           Y=    1826451.3184     +0.0001        1826451.3184    0.002466m
           X=     550608.9084     +0.0003         550608.9087    0.002952m
      ELL HT=        503.3286     -0.0038            503.3249    0.007991m
    ORTHO HT=          0.0000     +0.0000              0.0000    NOT KNOWN

   5 KV02
           Y=    1826383.1770     +0.0001        1826383.1771    0.002490m
           X=     550461.9569     +0.0003         550461.9572    0.002880m
      ELL HT=        498.2837     -0.0039            498.2797    0.008313m
    ORTHO HT=          0.0000     +0.0000              0.0000    NOT KNOWN

   6 KV03
           Y=    1825803.1781     +0.0000        1825803.1782    0.002443m
           X=     550431.9056     +0.0002         550431.9059    0.002524m
      ELL HT=        456.0522     -0.0037            456.0484    0.007884m
    ORTHO HT=          0.0000     +0.0000              0.0000    NOT KNOWN

   7 KV04
           Y=    1825513.3354     +0.0000        1825513.3354    0.002445m
           X=     550385.1295     +0.0002         550385.1297    0.002365m
      ELL HT=        453.6990     -0.0037            453.6953    0.007783m
    ORTHO HT=          0.0000     +0.0000              0.0000    NOT KNOWN

   8 KV05
           Y=    1825182.9515     +0.0000        1825182.9516    0.002466m
           X=     550339.1227     +0.0002         550339.1229    0.002222m
      ELL HT=        428.7520     -0.0036            428.7484    0.007657m
    ORTHO HT=          0.0000     +0.0000              0.0000    NOT KNOWN

   9 KV06
           Y=    1825062.3671     +0.0000        1825062.3671    0.002172m
           X=     550623.0995     +0.0002         550623.0997    0.001999m
      ELL HT=        437.2656     -0.0031            437.2625    0.006712m
    ORTHO HT=          0.0000     +0.0000              0.0000    NOT KNOWN

  10 KV07
           Y=    1824621.1134     +0.0000        1824621.1134    0.002215m
           X=     550721.5635     +0.0002         550721.5637    0.001939m
      ELL HT=        405.2542     -0.0028            405.2513    0.006171m
    ORTHO HT=          0.0000     +0.0000              0.0000    NOT KNOWN

  11 KV08
           Y=    1824885.2747     +0.0000        1824885.2747    0.002155m
           X=     550671.0110     +0.0002         550671.0112    0.001935m
      ELL HT=        424.3963     -0.0030            424.3932    0.006461m
    ORTHO HT=          0.0000     +0.0000              0.0000    NOT KNOWN

  12 KV09
           Y=    1827014.8007     +0.0001        1827014.8008    0.002336m
           X=     550943.7742     +0.0004         550943.7746    0.003274m
      ELL HT=        507.8675     -0.0036            507.8639    0.007713m
    ORTHO HT=          0.0000     +0.0000              0.0000    NOT KNOWN

  13 KV13
           Y=    1824483.3961     -0.0001        1824483.3960    0.002093m
           X=     550954.5078     +0.0002         550954.5080    0.001845m
      ELL HT=        356.7481     -0.0023            356.7458    0.005511m
    ORTHO HT=          0.0000     +0.0000              0.0000    NOT KNOWN

  14 KV14
           Y=    1824468.4316     -0.0001        1824468.4315    0.001520m
           X=     551381.8203     +0.0002         551381.8205    0.001439m
      ELL HT=        363.4023     -0.0018            363.4005    0.004050m
    ORTHO HT=          0.0000     +0.0000              0.0000    NOT KNOWN

  15 KV17
           Y=    1824192.7499     -0.0002        1824192.7497    0.001640m
           X=     551495.9331     +0.0002         551495.9333    0.001527m
      ELL HT=        365.0371     -0.0014            365.0356    0.003724m
    ORTHO HT=          0.0000     +0.0000              0.0000    NOT KNOWN

  16 KV18
           Y=    1824116.6209     -0.0002        1824116.6207    0.001571m
           X=     551590.3575     +0.0002         551590.3577    0.001471m
      ELL HT=        378.4748     -0.0013            378.4735    0.003478m
    ORTHO HT=          0.0000     +0.0000              0.0000    NOT KNOWN

  17 KV21
           Y=    1824334.3720     -0.0002        1824334.3718    0.001627m
           X=     553127.1651     +0.0002         553127.1653    0.001646m
      ELL HT=        405.4657     +0.0008            405.4664    0.002591m
    ORTHO HT=          0.0000     +0.0000              0.0000    NOT KNOWN

  18 KV22
           Y=    1824477.9690     -0.0001        1824477.9688    0.000993m
           X=     553050.1263     +0.0002         553050.1265    0.001111m
      ELL HT=        403.1104     +0.0006            403.1109    0.002052m
    ORTHO HT=          0.0000     +0.0000              0.0000    NOT KNOWN

  19 KV23
           Y=    1824126.2526     -0.0002        1824126.2524    0.001204m
           X=     552521.9235     +0.0002         552521.9236    0.001289m
      ELL HT=        395.6558     +0.0000            395.6558    0.001480m
    ORTHO HT=          0.0000     +0.0000              0.0000    NOT KNOWN

  20 KV24
           Y=    1824077.6252     -0.0002        1824077.6250    0.001377m
           X=     552338.6479     +0.0002         552338.6481    0.001445m
      ELL HT=        393.4629     -0.0003            393.4626    0.001721m
    ORTHO HT=          0.0000     +0.0000              0.0000    NOT KNOWN

  21 KV25
           Y=    1824219.6225     -0.0003        1824219.6222    0.002042m
           X=     554472.8265     +0.0003         554472.8268    0.001474m
      ELL HT=        434.6324     +0.0027            434.6351    0.006145m
    ORTHO HT=          0.0000     +0.0000              0.0000    NOT KNOWN

  22 KV26
           Y=    1823979.2087     -0.0003        1823979.2084    0.001773m
           X=     554333.8897     +0.0002         554333.8899    0.001129m
      ELL HT=        437.1098     +0.0026            437.1124    0.005778m
    ORTHO HT=          0.0000     +0.0000              0.0000    NOT KNOWN

  23 KV27
           Y=    1824389.4708     -0.0002        1824389.4706    0.001471m
           X=     553716.3589     +0.0002         553716.3592    0.001281m
      ELL HT=        428.1185     +0.0015            428.1200    0.003871m
    ORTHO HT=          0.0000     +0.0000              0.0000    NOT KNOWN

  24 KV28
           Y=    1824207.0297     -0.0002        1824207.0295    0.001328m
           X=     553331.6309     +0.0002         553331.6311    0.001244m
      ELL HT=        412.7538     +0.0011            412.7550    0.002907m
    ORTHO HT=          0.0000     +0.0000              0.0000    NOT KNOWN

  25 KV29
           Y=    1823897.7229     -0.0002        1823897.7228    0.001018m
           X=     552839.7334     +0.0002         552839.7336    0.001013m
      ELL HT=        406.3430     +0.0005            406.3435    0.001677m
    ORTHO HT=          0.0000     +0.0000              0.0000    NOT KNOWN

  26 KV30
           Y=    1823790.4251     -0.0001        1823790.4250    0.000885m
           X=     552598.0618     +0.0001         552598.0619    0.000907m
      ELL HT=        400.2538     +0.0003            400.2541    0.001243m
    ORTHO HT=          0.0000     +0.0000              0.0000    NOT KNOWN

  27 KV31
           Y=    1823851.1730     -0.0002        1823851.1728    0.001526m
           X=     551815.1238     +0.0002         551815.1240    0.001461m
      ELL HT=        371.5312     -0.0009            371.5303    0.002717m
    ORTHO HT=          0.0000     +0.0000              0.0000    NOT KNOWN

  28 KV32
           Y=    1823721.0217     -0.0001        1823721.0216    0.002307m
           X=     551968.8985     -0.0001         551968.8984    0.002691m
      ELL HT=        366.7926     -0.0005            366.7921    0.005860m
    ORTHO HT=          0.0000     +0.0000              0.0000    NOT KNOWN

  29 KV33
           Y=    1823276.6950     -0.0003        1823276.6947    0.001665m
           X=     551539.3443     +0.0002         551539.3445    0.001479m
      ELL HT=        346.1113     -0.0009            346.1104    0.003356m
    ORTHO HT=          0.0000     +0.0000              0.0000    NOT KNOWN

  30 KV34
           Y=    1823199.8356     -0.0003        1823199.8353    0.001713m
           X=     551448.6638     +0.0001         551448.6639    0.001513m
      ELL HT=        336.8069     -0.0011            336.8058    0.003474m
    ORTHO HT=          0.0000     +0.0000              0.0000    NOT KNOWN

  31 KV37
           Y=    1822974.3100     +0.0005        1822974.3105    0.002492m
           X=     551645.4975     -0.0002         551645.4973    0.002031m
      ELL HT=        324.8031     -0.0036            324.7994    0.007365m
    ORTHO HT=          0.0000     +0.0000              0.0000    NOT KNOWN

  32 KV38
           Y=    1822873.1699     +0.0004        1822873.1703    0.002406m
           X=     551772.7207     -0.0002         551772.7205    0.001994m
      ELL HT=        320.6630     -0.0034            320.6597    0.006950m
    ORTHO HT=          0.0000     +0.0000              0.0000    NOT KNOWN

  33 KV39
           Y=    1823153.9027     -0.0004        1823153.9023    0.001941m
           X=     551619.5064     +0.0003         551619.5067    0.001812m
      ELL HT=        330.0799     -0.0009            330.0790    0.003531m
    ORTHO HT=          0.0000     +0.0000              0.0000    NOT KNOWN

  34 KV40
           Y=    1823106.8895     +0.0004        1823106.8900    0.002475m
           X=     551686.1020     -0.0002         551686.1017    0.002069m
      ELL HT=        341.1151     -0.0036            341.1114    0.007352m
    ORTHO HT=          0.0000     +0.0000              0.0000    NOT KNOWN

  35 KV41
           Y=    1823354.9306     +0.0005        1823354.9311    0.001917m
           X=     552142.6280     -0.0002         552142.6278    0.001627m
      ELL HT=        356.0039     -0.0031            356.0008    0.006026m
    ORTHO HT=          0.0000     +0.0000              0.0000    NOT KNOWN

  36 KV42
           Y=    1823221.9168     +0.0004        1823221.9172    0.001905m
           X=     552191.7257     -0.0002         552191.7255    0.001621m
      ELL HT=        360.5178     -0.0030            360.5149    0.005804m
    ORTHO HT=          0.0000     +0.0000              0.0000    NOT KNOWN

  37 KV43
           Y=    1823560.1515     +0.0006        1823560.1521    0.001685m
           X=     552326.7502     -0.0004         552326.7498    0.001595m
      ELL HT=        381.6780     -0.0029            381.6751    0.005298m
    ORTHO HT=          0.0000     +0.0000              0.0000    NOT KNOWN

  38 KV44
           Y=    1823271.2267     +0.0005        1823271.2272    0.001657m
           X=     552481.4120     -0.0004         552481.4117    0.001513m
      ELL HT=        374.6576     -0.0026            374.6550    0.004768m
    ORTHO HT=          0.0000     +0.0000              0.0000    NOT KNOWN

  39 KV45
           Y=    1823379.8617     +0.0004        1823379.8621    0.001349m
           X=     553474.8644     -0.0003         553474.8641    0.001447m
      ELL HT=        355.5243     -0.0012            355.5231    0.002360m
    ORTHO HT=          0.0000     +0.0000              0.0000    NOT KNOWN

  40 KV46
           Y=    1823367.3523     +0.0004        1823367.3527    0.001536m
           X=     553574.8727     -0.0003         553574.8724    0.001627m
      ELL HT=        361.3915     -0.0011            361.3905    0.002314m
    ORTHO HT=          0.0000     +0.0000              0.0000    NOT KNOWN

  41 KV49
           Y=    1823195.0251     +0.0001        1823195.0252    0.000711m
           X=     553994.4722     +0.0000         553994.4722    0.000764m
      ELL HT=        373.4776     -0.0003            373.4773    0.000960m
    ORTHO HT=          0.0000     +0.0000              0.0000    NOT KNOWN

  42 KV51
           Y=    1823552.2172     +0.0001        1823552.2173    0.000878m
           X=     554363.4806     +0.0001         554363.4806    0.000989m
      ELL HT=        418.6688     +0.0001            418.6688    0.001360m
    ORTHO HT=          0.0000     +0.0000              0.0000    NOT KNOWN

  43 KV52
           Y=    1823700.6275     +0.0001        1823700.6276    0.000862m
           X=     554470.7079     +0.0001         554470.7080    0.001042m
      ELL HT=        441.8474     +0.0001            441.8476    0.001666m
    ORTHO HT=          0.0000     +0.0000              0.0000    NOT KNOWN

  44 KV53
           Y=    1823057.3962     +0.0001        1823057.3964    0.001099m
           X=     554394.0690     +0.0001         554394.0690    0.001124m
      ELL HT=        374.6922     +0.0003            374.6925    0.001768m
    ORTHO HT=          0.0000     +0.0000              0.0000    NOT KNOWN

  45 KV54
           Y=    1823092.6397     +0.0001        1823092.6397    0.001096m
           X=     554529.4943     +0.0000         554529.4943    0.001057m
      ELL HT=        387.2976     +0.0005            387.2981    0.001880m
    ORTHO HT=          0.0000     +0.0000              0.0000    NOT KNOWN

  46 KV55
           Y=    1822883.8088     +0.0000        1822883.8089    0.001408m
           X=     555097.1143     +0.0000         555097.1144    0.001126m
      ELL HT=        327.6458     +0.0014            327.6472    0.003456m
    ORTHO HT=          0.0000     +0.0000              0.0000    NOT KNOWN

  47 KV56
           Y=    1822942.9410     +0.0000        1822942.9410    0.001290m
           X=     554945.2741     +0.0000         554945.2741    0.001070m
      ELL HT=        339.5521     +0.0011            339.5532    0.002996m
    ORTHO HT=          0.0000     +0.0000              0.0000    NOT KNOWN

  48 KV57
           Y=    1822779.1846     +0.0000        1822779.1846    0.001435m
           X=     555127.4487     +0.0000         555127.4487    0.001128m
      ELL HT=        327.4098     +0.0015            327.4113    0.003608m
    ORTHO HT=          0.0000     +0.0000              0.0000    NOT KNOWN

  49 KV58
           Y=    1822570.7853     +0.0001        1822570.7854    0.001494m
           X=     555122.4796     +0.0001         555122.4797    0.001205m
      ELL HT=        320.0623     +0.0015            320.0638    0.003830m
    ORTHO HT=          0.0000     +0.0000              0.0000    NOT KNOWN

  50 KV61
           Y=    1822848.2751     +0.0001        1822848.2753    0.000805m
           X=     554073.2497     +0.0000         554073.2497    0.000809m
      ELL HT=        352.2549     -0.0001            352.2548    0.001088m
    ORTHO HT=          0.0000     +0.0000              0.0000    NOT KNOWN

  51 KV62
           Y=    1822945.7530     +0.0001        1822945.7531    0.000746m
           X=     553908.7696     +0.0000         553908.7695    0.000754m
      ELL HT=        356.7155     -0.0004            356.7151    0.000936m
    ORTHO HT=          0.0000     +0.0000              0.0000    NOT KNOWN

  52 KV64
           Y=    1822742.3306     +0.0002        1822742.3308    0.001132m
           X=     553740.2931     -0.0001         553740.2930    0.001141m
      ELL HT=        346.1226     -0.0004            346.1221    0.001425m
    ORTHO HT=          0.0000     +0.0000              0.0000    NOT KNOWN

  53 KV65
           Y=    1822901.3161     +0.0002        1822901.3163    0.000854m
           X=     553624.6445     -0.0001         553624.6444    0.000841m
      ELL HT=        360.9602     -0.0007            360.9595    0.001481m
    ORTHO HT=          0.0000     +0.0000              0.0000    NOT KNOWN

  54 KV66
           Y=    1822942.5623     +0.0002        1822942.5625    0.001224m
           X=     553490.7814     -0.0001         553490.7812    0.001210m
      ELL HT=        356.6738     -0.0009            356.6729    0.002015m
    ORTHO HT=          0.0000     +0.0000              0.0000    NOT KNOWN

  55 KV67
           Y=    1822974.5141     +0.0004        1822974.5146    0.001515m
           X=     552996.8717     -0.0003         552996.8714    0.001481m
      ELL HT=        353.2658     -0.0017            353.2641    0.003273m
    ORTHO HT=          0.0000     +0.0000              0.0000    NOT KNOWN

  56 KV68
           Y=    1822972.2084     +0.0004        1822972.2088    0.001412m
           X=     552812.4065     -0.0003         552812.4062    0.001298m
      ELL HT=        350.2406     -0.0019            350.2386    0.003709m
    ORTHO HT=          0.0000     +0.0000              0.0000    NOT KNOWN

  57 KV69
           Y=    1822877.3398     +0.0004        1822877.3402    0.001728m
           X=     552523.5274     -0.0002         552523.5272    0.001529m
      ELL HT=        357.6524     -0.0023            357.6500    0.004667m
    ORTHO HT=          0.0000     +0.0000              0.0000    NOT KNOWN

  58 KV70
           Y=    1822849.5795     +0.0004        1822849.5800    0.001796m
           X=     552383.7000     -0.0002         552383.6998    0.001539m
      ELL HT=        349.0794     -0.0025            349.0769    0.005038m
    ORTHO HT=          0.0000     +0.0000              0.0000    NOT KNOWN

  59 KV72
           Y=    1822715.0155     +0.0004        1822715.0159    0.002305m
           X=     551936.1619     -0.0003         551936.1617    0.001946m
      ELL HT=        321.9502     -0.0031            321.9471    0.006424m
    ORTHO HT=          0.0000     +0.0000              0.0000    NOT KNOWN

  60 KV73
           Y=    1822640.0401     +0.0004        1822640.0406    0.002329m
           X=     551814.4283     -0.0003         551814.4280    0.001916m
      ELL HT=        308.8907     -0.0032            308.8875    0.006681m
    ORTHO HT=          0.0000     +0.0000              0.0000    NOT KNOWN

  61 KV75
           Y=    1822428.3459     +0.0004        1822428.3463    0.002509m
           X=     551548.7180     -0.0003         551548.7177    0.001999m
      ELL HT=        268.1231     -0.0034            268.1197    0.007355m
    ORTHO HT=          0.0000     +0.0000              0.0000    NOT KNOWN

  62 KV76
           Y=    1822694.5643     +0.0004        1822694.5647    0.001597m
           X=     552566.7624     -0.0002         552566.7622    0.001383m
      ELL HT=        347.7292     -0.0022            347.7271    0.004398m
    ORTHO HT=          0.0000     +0.0000              0.0000    NOT KNOWN

  63 KV77
           Y=    1822530.4982     +0.0003        1822530.4985    0.001578m
           X=     552661.5889     -0.0003         552661.5886    0.001402m
      ELL HT=        350.4013     -0.0020            350.3994    0.004001m
    ORTHO HT=          0.0000     +0.0000              0.0000    NOT KNOWN

  64 KV78
           Y=    1821824.3395     +0.0004        1821824.3399    0.002058m
           X=     552161.8193     -0.0003         552161.8190    0.001884m
      ELL HT=        304.5767     -0.0023            304.5744    0.005355m
    ORTHO HT=          0.0000     +0.0000              0.0000    NOT KNOWN

  65 KV79
           Y=    1821959.4141     +0.0004        1821959.4144    0.001834m
           X=     552359.6782     -0.0003         552359.6779    0.001677m
      ELL HT=        320.6200     -0.0021            320.6179    0.004785m
    ORTHO HT=          0.0000     +0.0000              0.0000    NOT KNOWN

  66 KV81
           Y=    1822204.6842     +0.0003        1822204.6844    0.001227m
           X=     553015.4059     -0.0002         553015.4057    0.001173m
      ELL HT=        333.0344     -0.0013            333.0331    0.002884m
    ORTHO HT=          0.0000     +0.0000              0.0000    NOT KNOWN

  67 KV82
           Y=    1822324.9713     +0.0003        1822324.9717    0.001589m
           X=     552644.8773     -0.0003         552644.8771    0.001419m
      ELL HT=        346.7866     -0.0019            346.7847    0.004036m
    ORTHO HT=          0.0000     +0.0000              0.0000    NOT KNOWN

  68 KV83
           Y=    1822237.1748     +0.0003        1822237.1751    0.001628m
           X=     552570.4185     -0.0003         552570.4183    0.001446m
      ELL HT=        342.8978     -0.0020            342.8958    0.004220m
    ORTHO HT=          0.0000     +0.0000              0.0000    NOT KNOWN

  69 KV84
           Y=    1822507.7424     +0.0001        1822507.7426    0.001272m
           X=     554388.2840     +0.0001         554388.2840    0.001244m
      ELL HT=        349.2386     +0.0005            349.2391    0.001970m
    ORTHO HT=          0.0000     +0.0000              0.0000    NOT KNOWN

  70 KV85
           Y=    1822584.9668     +0.0001        1822584.9669    0.001608m
           X=     554466.9188     +0.0001         554466.9189    0.001598m
      ELL HT=        352.8859     +0.0004            352.8863    0.002593m
    ORTHO HT=          0.0000     +0.0000              0.0000    NOT KNOWN

  71 KV86
           Y=    1821998.4994     +0.0001        1821998.4996    0.001189m
           X=     554505.5074     +0.0000         554505.5075    0.001080m
      ELL HT=        319.1399     +0.0009            319.1408    0.002343m
    ORTHO HT=          0.0000     +0.0000              0.0000    NOT KNOWN

  72 KV87
           Y=    1822136.7659     +0.0001        1822136.7660    0.001212m
           X=     554485.4429     +0.0000         554485.4429    0.001124m
      ELL HT=        328.4481     +0.0008            328.4489    0.002250m
    ORTHO HT=          0.0000     +0.0000              0.0000    NOT KNOWN

  73 KV88
           Y=    1822291.5921     +0.0002        1822291.5922    0.001254m
           X=     554002.6876     -0.0002         554002.6874    0.001304m
      ELL HT=        334.8754     +0.0002            334.8756    0.001568m
    ORTHO HT=          0.0000     +0.0000              0.0000    NOT KNOWN

  74 KV89
           Y=    1822272.4525     +0.0002        1822272.4527    0.000864m
           X=     554151.8921     +0.0000         554151.8922    0.000849m
      ELL HT=        335.0168     +0.0003            335.0171    0.001280m
    ORTHO HT=          0.0000     +0.0000              0.0000    NOT KNOWN

  75 KV90
           Y=    1822095.7117     +0.0002        1822095.7119    0.001466m
           X=     553190.2262     -0.0002         553190.2260    0.001484m
      ELL HT=        328.0340     -0.0009            328.0331    0.002787m
    ORTHO HT=          0.0000     +0.0000              0.0000    NOT KNOWN

  76 KV91
           Y=    1821993.9323     +0.0003        1821993.9326    0.001106m
           X=     553301.0959     +0.0000         553301.0959    0.001059m
      ELL HT=        329.8505     -0.0008            329.8497    0.002029m
    ORTHO HT=          0.0000     +0.0000              0.0000    NOT KNOWN

  77 KV92
           Y=    1821991.6180     +0.0003        1821991.6182    0.001184m
           X=     553110.5018     +0.0000         553110.5017    0.001090m
      ELL HT=        329.5441     -0.0010            329.5431    0.002536m
    ORTHO HT=          0.0000     +0.0000              0.0000    NOT KNOWN

  78 KV93
           Y=    1821801.0075     +0.0003        1821801.0078    0.001219m
           X=     553174.4544     +0.0000         553174.4544    0.001161m
      ELL HT=        336.1643     -0.0009            336.1635    0.002323m
    ORTHO HT=          0.0000     +0.0000              0.0000    NOT KNOWN

  79 KV96
           Y=    1821564.0358     +0.0003        1821564.0360    0.001036m
           X=     553261.7385     +0.0000         553261.7385    0.001025m
      ELL HT=        343.8178     -0.0006            343.8172    0.001950m
    ORTHO HT=          0.0000     +0.0000              0.0000    NOT KNOWN

  80 KV97
           Y=    1821408.2809     +0.0000        1821408.2808    0.001291m
           X=     553319.5734     +0.0000         553319.5734    0.001299m
      ELL HT=        348.0287     -0.0006            348.0281    0.001855m
    ORTHO HT=          0.0000     +0.0000              0.0000    NOT KNOWN

  81 KV98
           Y=    1821110.3929     -0.0001        1821110.3928    0.001309m
           X=     553605.2900     +0.0000         553605.2899    0.001385m
      ELL HT=        362.0202     -0.0001            362.0201    0.001560m
    ORTHO HT=          0.0000     +0.0000              0.0000    NOT KNOWN

  82 KV99
           Y=    1821353.6078     +0.0000        1821353.6077    0.001253m
           X=     553152.2783     +0.0000         553152.2783    0.001233m
      ELL HT=        350.2505     -0.0008            350.2497    0.002156m
    ORTHO HT=          0.0000     +0.0000              0.0000    NOT KNOWN

  83 V100
           Y=    1820651.0423     -0.0001        1820651.0422    0.002180m
           X=     553927.7623     +0.0000         553927.7623    0.002224m
      ELL HT=        359.1718     +0.0006            359.1724    0.003965m
    ORTHO HT=          0.0000     +0.0000              0.0000    NOT KNOWN

  84 V101
           Y=    1820857.4167     -0.0001        1820857.4166    0.002075m
           X=     553790.4478     +0.0000         553790.4478    0.002089m
      ELL HT=        360.4212     +0.0003            360.4215    0.003771m
    ORTHO HT=          0.0000     +0.0000              0.0000    NOT KNOWN

  85 V102
           Y=    1819463.2206     -0.0002        1819463.2204    0.002353m
           X=     554441.2771     -0.0001         554441.2770    0.002700m
      ELL HT=        323.8249     +0.0019            323.8268    0.005400m
    ORTHO HT=          0.0000     +0.0000              0.0000    NOT KNOWN

  86 V103
           Y=    1819631.3051     -0.0002        1819631.3049    0.001715m
           X=     554074.0273     -0.0001         554074.0272    0.002199m
      ELL HT=        331.4114     +0.0012            331.4126    0.003342m
    ORTHO HT=          0.0000     +0.0000              0.0000    NOT KNOWN

  87 V104
           Y=    1819208.2656     -0.0002        1819208.2654    0.002479m
           X=     554706.7273     -0.0001         554706.7272    0.002872m
      ELL HT=        314.3707     +0.0024            314.3731    0.006137m
    ORTHO HT=          0.0000     +0.0000              0.0000    NOT KNOWN

  88 V105
           Y=    1818912.8828     -0.0002        1818912.8825    0.002502m
           X=     554848.5628     -0.0001         554848.5627    0.002997m
      ELL HT=        298.7267     +0.0026            298.7293    0.006667m
    ORTHO HT=          0.0000     +0.0000              0.0000    NOT KNOWN

  89 V106
           Y=    1819688.3207     -0.0002        1819688.3205    0.002194m
           X=     554181.6525     -0.0001         554181.6524    0.002505m
      ELL HT=        324.7705     +0.0014            324.7719    0.004755m
    ORTHO HT=          0.0000     +0.0000              0.0000    NOT KNOWN

  90 V107
           Y=    1820036.3022     -0.0002        1820036.3020    0.002239m
           X=     554360.4726     -0.0001         554360.4725    0.002399m
      ELL HT=        337.5608     +0.0015            337.5623    0.004828m
    ORTHO HT=          0.0000     +0.0000              0.0000    NOT KNOWN

  91 V108
           Y=    1821122.3023     +0.0000        1821122.3023    0.001672m
           X=     553062.8091     -0.0001         553062.8090    0.001670m
      ELL HT=        343.7937     -0.0009            343.7928    0.002547m
    ORTHO HT=          0.0000     +0.0000              0.0000    NOT KNOWN

  92 V109
           Y=    1821142.0883     +0.0000        1821142.0883    0.001866m
           X=     552910.0062     -0.0001         552910.0061    0.001830m
      ELL HT=        342.5274     -0.0011            342.5263    0.003032m
    ORTHO HT=          0.0000     +0.0000              0.0000    NOT KNOWN

  93 V121
           Y=    1821245.4532     +0.0000        1821245.4531    0.001017m
           X=     553610.8506     +0.0000         553610.8506    0.001049m
      ELL HT=        357.9246     -0.0001            357.9245    0.001170m
    ORTHO HT=          0.0000     +0.0000              0.0000    NOT KNOWN

  94 V122
           Y=    1821504.7006     +0.0001        1821504.7007    0.001197m
           X=     553923.5278     +0.0000         553923.5278    0.001243m
      ELL HT=        345.8923     +0.0003            345.8926    0.001454m
    ORTHO HT=          0.0000     +0.0000              0.0000    NOT KNOWN

  95 V123
           Y=    1821631.3421     +0.0001        1821631.3422    0.000857m
           X=     553855.1987     +0.0000         553855.1987    0.000879m
      ELL HT=        337.7645     +0.0001            337.7646    0.001021m
    ORTHO HT=          0.0000     +0.0000              0.0000    NOT KNOWN

